[  0%] Built target std_msgs_generate_messages_cpp
[  0%] Built target _grid_map_msgs_generate_messages_check_deps_GridMapInfo
[  0%] Built target geometry_msgs_generate_messages_cpp
[  0%] Built target _grid_map_msgs_generate_messages_check_deps_GetGridMapInfo
[  0%] Built target _grid_map_msgs_generate_messages_check_deps_ProcessFile
[  0%] Built target _grid_map_msgs_generate_messages_check_deps_GridMap
[  0%] Built target std_msgs_generate_messages_eus
[  0%] Built target geometry_msgs_generate_messages_eus
[  0%] Built target std_msgs_generate_messages_lisp
[  0%] Built target _grid_map_msgs_generate_messages_check_deps_GetGridMap
[  0%] Built target geometry_msgs_generate_messages_lisp
[  0%] Built target geometry_msgs_generate_messages_py
[  0%] Built target std_msgs_generate_messages_py
[  0%] Built target std_msgs_generate_messages_nodejs
[ 17%] Built target grid_map_msgs_generate_messages_cpp
[ 17%] Built target geometry_msgs_generate_messages_nodejs
[ 42%] Built target grid_map_msgs_generate_messages_py
[ 64%] Built target grid_map_msgs_generate_messages_eus
[ 82%] Built target grid_map_msgs_generate_messages_lisp
[100%] Built target grid_map_msgs_generate_messages_nodejs
[100%] Built target grid_map_msgs_generate_messages
