Determining if the pthread_create exist failed with the following output:
Change Dir: /home/raphael/catkin_ws/build/catkin_tools_prebuild/CMakeFiles/CMakeTmp

Run Build Command:"/usr/bin/make" "cmTC_de722/fast"
/usr/bin/make -f CMakeFiles/cmTC_de722.dir/build.make CMakeFiles/cmTC_de722.dir/build
make[1]: Entering directory '/home/raphael/catkin_ws/build/catkin_tools_prebuild/CMakeFiles/CMakeTmp'
Building C object CMakeFiles/cmTC_de722.dir/CheckSymbolExists.c.o
/usr/bin/cc     -o CMakeFiles/cmTC_de722.dir/CheckSymbolExists.c.o   -c /home/raphael/catkin_ws/build/catkin_tools_prebuild/CMakeFiles/CMakeTmp/CheckSymbolExists.c
Linking C executable cmTC_de722
/usr/bin/cmake -E cmake_link_script CMakeFiles/cmTC_de722.dir/link.txt --verbose=1
/usr/bin/cc       CMakeFiles/cmTC_de722.dir/CheckSymbolExists.c.o  -o cmTC_de722 -rdynamic 
CMakeFiles/cmTC_de722.dir/CheckSymbolExists.c.o: na função `main':
CheckSymbolExists.c:(.text+0x16): referência indefinida para `pthread_create'
collect2: error: ld returned 1 exit status
CMakeFiles/cmTC_de722.dir/build.make:97: recipe for target 'cmTC_de722' failed
make[1]: *** [cmTC_de722] Error 1
make[1]: Leaving directory '/home/raphael/catkin_ws/build/catkin_tools_prebuild/CMakeFiles/CMakeTmp'
Makefile:126: recipe for target 'cmTC_de722/fast' failed
make: *** [cmTC_de722/fast] Error 2

File /home/raphael/catkin_ws/build/catkin_tools_prebuild/CMakeFiles/CMakeTmp/CheckSymbolExists.c:
/* */
#include <pthread.h>

int main(int argc, char** argv)
{
  (void)argv;
#ifndef pthread_create
  return ((int*)(&pthread_create))[argc];
#else
  (void)argc;
  return 0;
#endif
}

Determining if the function pthread_create exists in the pthreads failed with the following output:
Change Dir: /home/raphael/catkin_ws/build/catkin_tools_prebuild/CMakeFiles/CMakeTmp

Run Build Command:"/usr/bin/make" "cmTC_21d88/fast"
/usr/bin/make -f CMakeFiles/cmTC_21d88.dir/build.make CMakeFiles/cmTC_21d88.dir/build
make[1]: Entering directory '/home/raphael/catkin_ws/build/catkin_tools_prebuild/CMakeFiles/CMakeTmp'
Building C object CMakeFiles/cmTC_21d88.dir/CheckFunctionExists.c.o
/usr/bin/cc    -DCHECK_FUNCTION_EXISTS=pthread_create   -o CMakeFiles/cmTC_21d88.dir/CheckFunctionExists.c.o   -c /usr/share/cmake-3.5/Modules/CheckFunctionExists.c
Linking C executable cmTC_21d88
/usr/bin/cmake -E cmake_link_script CMakeFiles/cmTC_21d88.dir/link.txt --verbose=1
/usr/bin/cc   -DCHECK_FUNCTION_EXISTS=pthread_create    CMakeFiles/cmTC_21d88.dir/CheckFunctionExists.c.o  -o cmTC_21d88 -rdynamic -lpthreads 
/usr/bin/ld: não foi possível encontrar -lpthreads
collect2: error: ld returned 1 exit status
CMakeFiles/cmTC_21d88.dir/build.make:97: recipe for target 'cmTC_21d88' failed
make[1]: *** [cmTC_21d88] Error 1
make[1]: Leaving directory '/home/raphael/catkin_ws/build/catkin_tools_prebuild/CMakeFiles/CMakeTmp'
Makefile:126: recipe for target 'cmTC_21d88/fast' failed
make: *** [cmTC_21d88/fast] Error 2


