[  0%] Built target _ratslam_ros_generate_messages_check_deps_ViewTemplate
[  0%] Built target _ratslam_ros_generate_messages_check_deps_TopologicalNode
[  0%] Built target _ratslam_ros_generate_messages_check_deps_TopologicalEdge
[  0%] Built target _ratslam_ros_generate_messages_check_deps_TopologicalMap
[  0%] Built target std_msgs_generate_messages_cpp
[  0%] Built target geometry_msgs_generate_messages_cpp
[  0%] Built target _ratslam_ros_generate_messages_check_deps_TopologicalAction
[ 12%] Built target ratslam
[ 12%] Built target geometry_msgs_generate_messages_nodejs
[ 12%] Built target std_msgs_generate_messages_nodejs
[ 12%] Built target std_msgs_generate_messages_lisp
[ 12%] Built target geometry_msgs_generate_messages_lisp
[ 12%] Built target std_msgs_generate_messages_py
[ 12%] Built target geometry_msgs_generate_messages_py
[ 12%] Built target std_msgs_generate_messages_eus
[ 12%] Built target geometry_msgs_generate_messages_eus
[ 25%] Built target ratslam_ros_generate_messages_cpp
[ 37%] Built target ratslam_ros_generate_messages_nodejs
[ 50%] Built target ratslam_ros_generate_messages_lisp
[ 65%] Built target ratslam_ros_generate_messages_py
[ 80%] Built target ratslam_ros_generate_messages_eus
[ 85%] Built target ratslam_vo
[ 90%] Built target ratslam_em
[ 95%] Built target ratslam_pc
[100%] Built target ratslam_lv
[100%] Built target ratslam_ros_generate_messages
