Linked: (/home/raphael/catkin_ws/devel/.private/ratslam_ros/lib/libratslam.so, /home/raphael/catkin_ws/devel/lib/libratslam.so)
Linked: (/home/raphael/catkin_ws/devel/.private/ratslam_ros/lib/pkgconfig/ratslam_ros.pc, /home/raphael/catkin_ws/devel/lib/pkgconfig/ratslam_ros.pc)
Linked: (/home/raphael/catkin_ws/devel/.private/ratslam_ros/lib/python2.7/dist-packages/ratslam_ros/__init__.py, /home/raphael/catkin_ws/devel/lib/python2.7/dist-packages/ratslam_ros/__init__.py)
Linked: (/home/raphael/catkin_ws/devel/.private/ratslam_ros/lib/python2.7/dist-packages/ratslam_ros/msg/__init__.py, /home/raphael/catkin_ws/devel/lib/python2.7/dist-packages/ratslam_ros/msg/__init__.py)
Linked: (/home/raphael/catkin_ws/devel/.private/ratslam_ros/lib/python2.7/dist-packages/ratslam_ros/msg/_TopologicalEdge.py, /home/raphael/catkin_ws/devel/lib/python2.7/dist-packages/ratslam_ros/msg/_TopologicalEdge.py)
Linked: (/home/raphael/catkin_ws/devel/.private/ratslam_ros/lib/python2.7/dist-packages/ratslam_ros/msg/_TopologicalMap.py, /home/raphael/catkin_ws/devel/lib/python2.7/dist-packages/ratslam_ros/msg/_TopologicalMap.py)
Linked: (/home/raphael/catkin_ws/devel/.private/ratslam_ros/lib/python2.7/dist-packages/ratslam_ros/msg/_TopologicalNode.py, /home/raphael/catkin_ws/devel/lib/python2.7/dist-packages/ratslam_ros/msg/_TopologicalNode.py)
Linked: (/home/raphael/catkin_ws/devel/.private/ratslam_ros/lib/python2.7/dist-packages/ratslam_ros/msg/_ViewTemplate.py, /home/raphael/catkin_ws/devel/lib/python2.7/dist-packages/ratslam_ros/msg/_ViewTemplate.py)
Linked: (/home/raphael/catkin_ws/devel/.private/ratslam_ros/lib/python2.7/dist-packages/ratslam_ros/msg/_TopologicalAction.py, /home/raphael/catkin_ws/devel/lib/python2.7/dist-packages/ratslam_ros/msg/_TopologicalAction.py)
Linked: (/home/raphael/catkin_ws/devel/.private/ratslam_ros/lib/ratslam_ros/ratslam_em, /home/raphael/catkin_ws/devel/lib/ratslam_ros/ratslam_em)
Linked: (/home/raphael/catkin_ws/devel/.private/ratslam_ros/lib/ratslam_ros/ratslam_lv, /home/raphael/catkin_ws/devel/lib/ratslam_ros/ratslam_lv)
Linked: (/home/raphael/catkin_ws/devel/.private/ratslam_ros/lib/ratslam_ros/ratslam_vo, /home/raphael/catkin_ws/devel/lib/ratslam_ros/ratslam_vo)
Linked: (/home/raphael/catkin_ws/devel/.private/ratslam_ros/lib/ratslam_ros/ratslam_pc, /home/raphael/catkin_ws/devel/lib/ratslam_ros/ratslam_pc)
Linked: (/home/raphael/catkin_ws/devel/.private/ratslam_ros/include/ratslam_ros/ViewTemplate.h, /home/raphael/catkin_ws/devel/include/ratslam_ros/ViewTemplate.h)
Linked: (/home/raphael/catkin_ws/devel/.private/ratslam_ros/include/ratslam_ros/TopologicalAction.h, /home/raphael/catkin_ws/devel/include/ratslam_ros/TopologicalAction.h)
Linked: (/home/raphael/catkin_ws/devel/.private/ratslam_ros/include/ratslam_ros/TopologicalEdge.h, /home/raphael/catkin_ws/devel/include/ratslam_ros/TopologicalEdge.h)
Linked: (/home/raphael/catkin_ws/devel/.private/ratslam_ros/include/ratslam_ros/TopologicalNode.h, /home/raphael/catkin_ws/devel/include/ratslam_ros/TopologicalNode.h)
Linked: (/home/raphael/catkin_ws/devel/.private/ratslam_ros/include/ratslam_ros/TopologicalMap.h, /home/raphael/catkin_ws/devel/include/ratslam_ros/TopologicalMap.h)
Linked: (/home/raphael/catkin_ws/devel/.private/ratslam_ros/share/gennodejs/ros/ratslam_ros/_index.js, /home/raphael/catkin_ws/devel/share/gennodejs/ros/ratslam_ros/_index.js)
Linked: (/home/raphael/catkin_ws/devel/.private/ratslam_ros/share/gennodejs/ros/ratslam_ros/msg/TopologicalAction.js, /home/raphael/catkin_ws/devel/share/gennodejs/ros/ratslam_ros/msg/TopologicalAction.js)
Linked: (/home/raphael/catkin_ws/devel/.private/ratslam_ros/share/gennodejs/ros/ratslam_ros/msg/TopologicalNode.js, /home/raphael/catkin_ws/devel/share/gennodejs/ros/ratslam_ros/msg/TopologicalNode.js)
Linked: (/home/raphael/catkin_ws/devel/.private/ratslam_ros/share/gennodejs/ros/ratslam_ros/msg/ViewTemplate.js, /home/raphael/catkin_ws/devel/share/gennodejs/ros/ratslam_ros/msg/ViewTemplate.js)
Linked: (/home/raphael/catkin_ws/devel/.private/ratslam_ros/share/gennodejs/ros/ratslam_ros/msg/TopologicalEdge.js, /home/raphael/catkin_ws/devel/share/gennodejs/ros/ratslam_ros/msg/TopologicalEdge.js)
Linked: (/home/raphael/catkin_ws/devel/.private/ratslam_ros/share/gennodejs/ros/ratslam_ros/msg/TopologicalMap.js, /home/raphael/catkin_ws/devel/share/gennodejs/ros/ratslam_ros/msg/TopologicalMap.js)
Linked: (/home/raphael/catkin_ws/devel/.private/ratslam_ros/share/gennodejs/ros/ratslam_ros/msg/_index.js, /home/raphael/catkin_ws/devel/share/gennodejs/ros/ratslam_ros/msg/_index.js)
Linked: (/home/raphael/catkin_ws/devel/.private/ratslam_ros/share/ratslam_ros/config/config_oxford_newcollege.txt, /home/raphael/catkin_ws/devel/share/ratslam_ros/config/config_oxford_newcollege.txt)
Linked: (/home/raphael/catkin_ws/devel/.private/ratslam_ros/share/ratslam_ros/config/config_irataus.txt, /home/raphael/catkin_ws/devel/share/ratslam_ros/config/config_irataus.txt)
Linked: (/home/raphael/catkin_ws/devel/.private/ratslam_ros/share/ratslam_ros/config/config_stlucia.txt, /home/raphael/catkin_ws/devel/share/ratslam_ros/config/config_stlucia.txt)
Linked: (/home/raphael/catkin_ws/devel/.private/ratslam_ros/share/ratslam_ros/cmake/ratslam_ros-msg-extras.cmake, /home/raphael/catkin_ws/devel/share/ratslam_ros/cmake/ratslam_ros-msg-extras.cmake)
Linked: (/home/raphael/catkin_ws/devel/.private/ratslam_ros/share/ratslam_ros/cmake/ratslam_rosConfig.cmake, /home/raphael/catkin_ws/devel/share/ratslam_ros/cmake/ratslam_rosConfig.cmake)
Linked: (/home/raphael/catkin_ws/devel/.private/ratslam_ros/share/ratslam_ros/cmake/ratslam_rosConfig-version.cmake, /home/raphael/catkin_ws/devel/share/ratslam_ros/cmake/ratslam_rosConfig-version.cmake)
Linked: (/home/raphael/catkin_ws/devel/.private/ratslam_ros/share/ratslam_ros/cmake/ratslam_ros-msg-paths.cmake, /home/raphael/catkin_ws/devel/share/ratslam_ros/cmake/ratslam_ros-msg-paths.cmake)
Linked: (/home/raphael/catkin_ws/devel/.private/ratslam_ros/share/common-lisp/ros/ratslam_ros/msg/TopologicalEdge.lisp, /home/raphael/catkin_ws/devel/share/common-lisp/ros/ratslam_ros/msg/TopologicalEdge.lisp)
Linked: (/home/raphael/catkin_ws/devel/.private/ratslam_ros/share/common-lisp/ros/ratslam_ros/msg/_package_TopologicalMap.lisp, /home/raphael/catkin_ws/devel/share/common-lisp/ros/ratslam_ros/msg/_package_TopologicalMap.lisp)
Linked: (/home/raphael/catkin_ws/devel/.private/ratslam_ros/share/common-lisp/ros/ratslam_ros/msg/_package_TopologicalEdge.lisp, /home/raphael/catkin_ws/devel/share/common-lisp/ros/ratslam_ros/msg/_package_TopologicalEdge.lisp)
Linked: (/home/raphael/catkin_ws/devel/.private/ratslam_ros/share/common-lisp/ros/ratslam_ros/msg/_package.lisp, /home/raphael/catkin_ws/devel/share/common-lisp/ros/ratslam_ros/msg/_package.lisp)
Linked: (/home/raphael/catkin_ws/devel/.private/ratslam_ros/share/common-lisp/ros/ratslam_ros/msg/_package_ViewTemplate.lisp, /home/raphael/catkin_ws/devel/share/common-lisp/ros/ratslam_ros/msg/_package_ViewTemplate.lisp)
Linked: (/home/raphael/catkin_ws/devel/.private/ratslam_ros/share/common-lisp/ros/ratslam_ros/msg/_package_TopologicalAction.lisp, /home/raphael/catkin_ws/devel/share/common-lisp/ros/ratslam_ros/msg/_package_TopologicalAction.lisp)
Linked: (/home/raphael/catkin_ws/devel/.private/ratslam_ros/share/common-lisp/ros/ratslam_ros/msg/ViewTemplate.lisp, /home/raphael/catkin_ws/devel/share/common-lisp/ros/ratslam_ros/msg/ViewTemplate.lisp)
Linked: (/home/raphael/catkin_ws/devel/.private/ratslam_ros/share/common-lisp/ros/ratslam_ros/msg/ratslam_ros-msg.asd, /home/raphael/catkin_ws/devel/share/common-lisp/ros/ratslam_ros/msg/ratslam_ros-msg.asd)
Linked: (/home/raphael/catkin_ws/devel/.private/ratslam_ros/share/common-lisp/ros/ratslam_ros/msg/_package_TopologicalNode.lisp, /home/raphael/catkin_ws/devel/share/common-lisp/ros/ratslam_ros/msg/_package_TopologicalNode.lisp)
Linked: (/home/raphael/catkin_ws/devel/.private/ratslam_ros/share/common-lisp/ros/ratslam_ros/msg/TopologicalAction.lisp, /home/raphael/catkin_ws/devel/share/common-lisp/ros/ratslam_ros/msg/TopologicalAction.lisp)
Linked: (/home/raphael/catkin_ws/devel/.private/ratslam_ros/share/common-lisp/ros/ratslam_ros/msg/TopologicalNode.lisp, /home/raphael/catkin_ws/devel/share/common-lisp/ros/ratslam_ros/msg/TopologicalNode.lisp)
Linked: (/home/raphael/catkin_ws/devel/.private/ratslam_ros/share/common-lisp/ros/ratslam_ros/msg/TopologicalMap.lisp, /home/raphael/catkin_ws/devel/share/common-lisp/ros/ratslam_ros/msg/TopologicalMap.lisp)
Linked: (/home/raphael/catkin_ws/devel/.private/ratslam_ros/share/roseus/ros/ratslam_ros/manifest.l, /home/raphael/catkin_ws/devel/share/roseus/ros/ratslam_ros/manifest.l)
Linked: (/home/raphael/catkin_ws/devel/.private/ratslam_ros/share/roseus/ros/ratslam_ros/msg/TopologicalAction.l, /home/raphael/catkin_ws/devel/share/roseus/ros/ratslam_ros/msg/TopologicalAction.l)
Linked: (/home/raphael/catkin_ws/devel/.private/ratslam_ros/share/roseus/ros/ratslam_ros/msg/TopologicalNode.l, /home/raphael/catkin_ws/devel/share/roseus/ros/ratslam_ros/msg/TopologicalNode.l)
Linked: (/home/raphael/catkin_ws/devel/.private/ratslam_ros/share/roseus/ros/ratslam_ros/msg/TopologicalEdge.l, /home/raphael/catkin_ws/devel/share/roseus/ros/ratslam_ros/msg/TopologicalEdge.l)
Linked: (/home/raphael/catkin_ws/devel/.private/ratslam_ros/share/roseus/ros/ratslam_ros/msg/TopologicalMap.l, /home/raphael/catkin_ws/devel/share/roseus/ros/ratslam_ros/msg/TopologicalMap.l)
Linked: (/home/raphael/catkin_ws/devel/.private/ratslam_ros/share/roseus/ros/ratslam_ros/msg/ViewTemplate.l, /home/raphael/catkin_ws/devel/share/roseus/ros/ratslam_ros/msg/ViewTemplate.l)
