Determining if the pthread_create exist failed with the following output:
Change Dir: /home/raphael/catkin_ws/build/youbot_navigation_local/CMakeFiles/CMakeTmp

Run Build Command:"/usr/bin/make" "cmTC_ba1a3/fast"
/usr/bin/make -f CMakeFiles/cmTC_ba1a3.dir/build.make CMakeFiles/cmTC_ba1a3.dir/build
make[1]: Entering directory '/home/raphael/catkin_ws/build/youbot_navigation_local/CMakeFiles/CMakeTmp'
Building C object CMakeFiles/cmTC_ba1a3.dir/CheckSymbolExists.c.o
/usr/bin/cc     -o CMakeFiles/cmTC_ba1a3.dir/CheckSymbolExists.c.o   -c /home/raphael/catkin_ws/build/youbot_navigation_local/CMakeFiles/CMakeTmp/CheckSymbolExists.c
Linking C executable cmTC_ba1a3
/usr/bin/cmake -E cmake_link_script CMakeFiles/cmTC_ba1a3.dir/link.txt --verbose=1
/usr/bin/cc       CMakeFiles/cmTC_ba1a3.dir/CheckSymbolExists.c.o  -o cmTC_ba1a3 -rdynamic 
CMakeFiles/cmTC_ba1a3.dir/CheckSymbolExists.c.o: na função `main':
CheckSymbolExists.c:(.text+0x16): referência indefinida para `pthread_create'
collect2: error: ld returned 1 exit status
CMakeFiles/cmTC_ba1a3.dir/build.make:97: recipe for target 'cmTC_ba1a3' failed
make[1]: *** [cmTC_ba1a3] Error 1
make[1]: Leaving directory '/home/raphael/catkin_ws/build/youbot_navigation_local/CMakeFiles/CMakeTmp'
Makefile:126: recipe for target 'cmTC_ba1a3/fast' failed
make: *** [cmTC_ba1a3/fast] Error 2

File /home/raphael/catkin_ws/build/youbot_navigation_local/CMakeFiles/CMakeTmp/CheckSymbolExists.c:
/* */
#include <pthread.h>

int main(int argc, char** argv)
{
  (void)argv;
#ifndef pthread_create
  return ((int*)(&pthread_create))[argc];
#else
  (void)argc;
  return 0;
#endif
}

Determining if the function pthread_create exists in the pthreads failed with the following output:
Change Dir: /home/raphael/catkin_ws/build/youbot_navigation_local/CMakeFiles/CMakeTmp

Run Build Command:"/usr/bin/make" "cmTC_c98dd/fast"
/usr/bin/make -f CMakeFiles/cmTC_c98dd.dir/build.make CMakeFiles/cmTC_c98dd.dir/build
make[1]: Entering directory '/home/raphael/catkin_ws/build/youbot_navigation_local/CMakeFiles/CMakeTmp'
Building C object CMakeFiles/cmTC_c98dd.dir/CheckFunctionExists.c.o
/usr/bin/cc    -DCHECK_FUNCTION_EXISTS=pthread_create   -o CMakeFiles/cmTC_c98dd.dir/CheckFunctionExists.c.o   -c /usr/share/cmake-3.5/Modules/CheckFunctionExists.c
Linking C executable cmTC_c98dd
/usr/bin/cmake -E cmake_link_script CMakeFiles/cmTC_c98dd.dir/link.txt --verbose=1
/usr/bin/cc   -DCHECK_FUNCTION_EXISTS=pthread_create    CMakeFiles/cmTC_c98dd.dir/CheckFunctionExists.c.o  -o cmTC_c98dd -rdynamic -lpthreads 
/usr/bin/ld: não foi possível encontrar -lpthreads
collect2: error: ld returned 1 exit status
CMakeFiles/cmTC_c98dd.dir/build.make:97: recipe for target 'cmTC_c98dd' failed
make[1]: *** [cmTC_c98dd] Error 1
make[1]: Leaving directory '/home/raphael/catkin_ws/build/youbot_navigation_local/CMakeFiles/CMakeTmp'
Makefile:126: recipe for target 'cmTC_c98dd/fast' failed
make: *** [cmTC_c98dd/fast] Error 2


