Determining if the pthread_create exist failed with the following output:
Change Dir: /home/raphael/catkin_ws/build/ros_package_template/CMakeFiles/CMakeTmp

Run Build Command:"/usr/bin/make" "cmTC_0a150/fast"
/usr/bin/make -f CMakeFiles/cmTC_0a150.dir/build.make CMakeFiles/cmTC_0a150.dir/build
make[1]: Entering directory '/home/raphael/catkin_ws/build/ros_package_template/CMakeFiles/CMakeTmp'
Building C object CMakeFiles/cmTC_0a150.dir/CheckSymbolExists.c.o
/usr/bin/cc     -o CMakeFiles/cmTC_0a150.dir/CheckSymbolExists.c.o   -c /home/raphael/catkin_ws/build/ros_package_template/CMakeFiles/CMakeTmp/CheckSymbolExists.c
Linking C executable cmTC_0a150
/usr/bin/cmake -E cmake_link_script CMakeFiles/cmTC_0a150.dir/link.txt --verbose=1
/usr/bin/cc       CMakeFiles/cmTC_0a150.dir/CheckSymbolExists.c.o  -o cmTC_0a150 -rdynamic 
CMakeFiles/cmTC_0a150.dir/CheckSymbolExists.c.o: na função `main':
CheckSymbolExists.c:(.text+0x16): referência indefinida para `pthread_create'
collect2: error: ld returned 1 exit status
CMakeFiles/cmTC_0a150.dir/build.make:97: recipe for target 'cmTC_0a150' failed
make[1]: *** [cmTC_0a150] Error 1
make[1]: Leaving directory '/home/raphael/catkin_ws/build/ros_package_template/CMakeFiles/CMakeTmp'
Makefile:126: recipe for target 'cmTC_0a150/fast' failed
make: *** [cmTC_0a150/fast] Error 2

File /home/raphael/catkin_ws/build/ros_package_template/CMakeFiles/CMakeTmp/CheckSymbolExists.c:
/* */
#include <pthread.h>

int main(int argc, char** argv)
{
  (void)argv;
#ifndef pthread_create
  return ((int*)(&pthread_create))[argc];
#else
  (void)argc;
  return 0;
#endif
}

Determining if the function pthread_create exists in the pthreads failed with the following output:
Change Dir: /home/raphael/catkin_ws/build/ros_package_template/CMakeFiles/CMakeTmp

Run Build Command:"/usr/bin/make" "cmTC_ae99e/fast"
/usr/bin/make -f CMakeFiles/cmTC_ae99e.dir/build.make CMakeFiles/cmTC_ae99e.dir/build
make[1]: Entering directory '/home/raphael/catkin_ws/build/ros_package_template/CMakeFiles/CMakeTmp'
Building C object CMakeFiles/cmTC_ae99e.dir/CheckFunctionExists.c.o
/usr/bin/cc    -DCHECK_FUNCTION_EXISTS=pthread_create   -o CMakeFiles/cmTC_ae99e.dir/CheckFunctionExists.c.o   -c /usr/share/cmake-3.5/Modules/CheckFunctionExists.c
Linking C executable cmTC_ae99e
/usr/bin/cmake -E cmake_link_script CMakeFiles/cmTC_ae99e.dir/link.txt --verbose=1
/usr/bin/cc   -DCHECK_FUNCTION_EXISTS=pthread_create    CMakeFiles/cmTC_ae99e.dir/CheckFunctionExists.c.o  -o cmTC_ae99e -rdynamic -lpthreads 
/usr/bin/ld: não foi possível encontrar -lpthreads
collect2: error: ld returned 1 exit status
CMakeFiles/cmTC_ae99e.dir/build.make:97: recipe for target 'cmTC_ae99e' failed
make[1]: *** [cmTC_ae99e] Error 1
make[1]: Leaving directory '/home/raphael/catkin_ws/build/ros_package_template/CMakeFiles/CMakeTmp'
Makefile:126: recipe for target 'cmTC_ae99e/fast' failed
make: *** [cmTC_ae99e/fast] Error 2


