Determining if the pthread_create exist failed with the following output:
Change Dir: /home/raphael/catkin_ws/build/otimizador/CMakeFiles/CMakeTmp

Run Build Command:"/usr/bin/make" "cmTC_b6623/fast"
/usr/bin/make -f CMakeFiles/cmTC_b6623.dir/build.make CMakeFiles/cmTC_b6623.dir/build
make[1]: Entering directory '/home/raphael/catkin_ws/build/otimizador/CMakeFiles/CMakeTmp'
Building C object CMakeFiles/cmTC_b6623.dir/CheckSymbolExists.c.o
/usr/bin/cc     -o CMakeFiles/cmTC_b6623.dir/CheckSymbolExists.c.o   -c /home/raphael/catkin_ws/build/otimizador/CMakeFiles/CMakeTmp/CheckSymbolExists.c
Linking C executable cmTC_b6623
/usr/bin/cmake -E cmake_link_script CMakeFiles/cmTC_b6623.dir/link.txt --verbose=1
/usr/bin/cc       CMakeFiles/cmTC_b6623.dir/CheckSymbolExists.c.o  -o cmTC_b6623 -rdynamic 
CMakeFiles/cmTC_b6623.dir/CheckSymbolExists.c.o: na função `main':
CheckSymbolExists.c:(.text+0x16): referência indefinida para `pthread_create'
collect2: error: ld returned 1 exit status
CMakeFiles/cmTC_b6623.dir/build.make:97: recipe for target 'cmTC_b6623' failed
make[1]: *** [cmTC_b6623] Error 1
make[1]: Leaving directory '/home/raphael/catkin_ws/build/otimizador/CMakeFiles/CMakeTmp'
Makefile:126: recipe for target 'cmTC_b6623/fast' failed
make: *** [cmTC_b6623/fast] Error 2

File /home/raphael/catkin_ws/build/otimizador/CMakeFiles/CMakeTmp/CheckSymbolExists.c:
/* */
#include <pthread.h>

int main(int argc, char** argv)
{
  (void)argv;
#ifndef pthread_create
  return ((int*)(&pthread_create))[argc];
#else
  (void)argc;
  return 0;
#endif
}

Determining if the function pthread_create exists in the pthreads failed with the following output:
Change Dir: /home/raphael/catkin_ws/build/otimizador/CMakeFiles/CMakeTmp

Run Build Command:"/usr/bin/make" "cmTC_2b93a/fast"
/usr/bin/make -f CMakeFiles/cmTC_2b93a.dir/build.make CMakeFiles/cmTC_2b93a.dir/build
make[1]: Entering directory '/home/raphael/catkin_ws/build/otimizador/CMakeFiles/CMakeTmp'
Building C object CMakeFiles/cmTC_2b93a.dir/CheckFunctionExists.c.o
/usr/bin/cc    -DCHECK_FUNCTION_EXISTS=pthread_create   -o CMakeFiles/cmTC_2b93a.dir/CheckFunctionExists.c.o   -c /usr/share/cmake-3.5/Modules/CheckFunctionExists.c
Linking C executable cmTC_2b93a
/usr/bin/cmake -E cmake_link_script CMakeFiles/cmTC_2b93a.dir/link.txt --verbose=1
/usr/bin/cc   -DCHECK_FUNCTION_EXISTS=pthread_create    CMakeFiles/cmTC_2b93a.dir/CheckFunctionExists.c.o  -o cmTC_2b93a -rdynamic -lpthreads 
/usr/bin/ld: não foi possível encontrar -lpthreads
collect2: error: ld returned 1 exit status
CMakeFiles/cmTC_2b93a.dir/build.make:97: recipe for target 'cmTC_2b93a' failed
make[1]: *** [cmTC_2b93a] Error 1
make[1]: Leaving directory '/home/raphael/catkin_ws/build/otimizador/CMakeFiles/CMakeTmp'
Makefile:126: recipe for target 'cmTC_2b93a/fast' failed
make: *** [cmTC_2b93a/fast] Error 2


