[  0%] Built target costmap_converter_generate_messages_nodejs
[  0%] Built target _teb_local_planner_generate_messages_check_deps_FeedbackMsg
[  0%] Built target std_msgs_generate_messages_nodejs
[  0%] Built target _teb_local_planner_generate_messages_check_deps_TrajectoryMsg
[  0%] Built target geometry_msgs_generate_messages_nodejs
[  0%] Built target _teb_local_planner_generate_messages_check_deps_TrajectoryPointMsg
[  0%] Built target costmap_converter_generate_messages_eus
[  0%] Built target std_msgs_generate_messages_eus
[  0%] Built target geometry_msgs_generate_messages_eus
[  0%] Built target costmap_converter_generate_messages_cpp
[  0%] Built target geometry_msgs_generate_messages_cpp
[  0%] Built target std_msgs_generate_messages_cpp
[  0%] Built target std_msgs_generate_messages_py
[  0%] Built target costmap_converter_generate_messages_py
[  0%] Built target geometry_msgs_generate_messages_py
[  0%] Built target costmap_converter_generate_messages_lisp
[  0%] Built target geometry_msgs_generate_messages_lisp
[  0%] Built target std_msgs_generate_messages_lisp
[  3%] Built target teb_local_planner_gencfg
[ 16%] Built target teb_local_planner_generate_messages_eus
[ 26%] Built target teb_local_planner_generate_messages_nodejs
[ 36%] Built target teb_local_planner_generate_messages_cpp
[ 46%] Built target teb_local_planner_generate_messages_lisp
[ 60%] Built target teb_local_planner_generate_messages_py
[ 60%] Built target teb_local_planner_generate_messages
[ 93%] Built target teb_local_planner
[100%] Built target test_optim_node
