[36m--[0m Using CATKIN_DEVEL_PREFIX: /home/raphael/catkin_ws/devel/.private/teb_local_planner
[36m--[0m Using CMAKE_PREFIX_PATH: /home/raphael/catkin_ws/devel;/home/raphael/catkin_ws/devel/.private/catkin_tools_prebuild;/opt/ros/kinetic
[36m--[0m This workspace overlays: /home/raphael/catkin_ws/devel;/home/raphael/catkin_ws/devel/.private/catkin_tools_prebuild;/opt/ros/kinetic
[36m--[0m Using PYTHON_EXECUTABLE: /usr/bin/python
[36m--[0m Using Debian Python package layout
[36m--[0m Using empy: /usr/bin/empy
[36m--[0m Using CATKIN_ENABLE_TESTING: ON
[36m--[0m Call enable_testing()
[36m--[0m Using CATKIN_TEST_RESULTS_DIR: /home/raphael/catkin_ws/build/teb_local_planner/test_results
[36m--[0m Found gtest sources under '/usr/src/gtest': gtests will be built
[36m--[0m Using Python nosetests: /usr/bin/nosetests-2.7
[36m--[0m catkin 0.7.6
[36m--[0m Using these message generators: gencpp;geneus;genlisp;gennodejs;genpy
[33m[1mCMake Warning[0m at /opt/ros/kinetic/share/catkin/cmake/catkinConfig.cmake:76 (find_package):
  Could not find a package configuration file provided by "tf_conversions"
  with any of the following names:

    tf_conversionsConfig.cmake
    tf_conversions-config.cmake

  Add the installation prefix of "tf_conversions" to CMAKE_PREFIX_PATH or set
  "tf_conversions_DIR" to a directory containing one of the above files.  If
  "tf_conversions" provides a separate development package or SDK, be sure it
  has been installed.
[36mCall Stack (most recent call first):[0m
  CMakeLists.txt:8 (find_package)


[31m[1mCMake Error[0m at /opt/ros/kinetic/share/catkin/cmake/catkinConfig.cmake:83 (find_package):
  Could not find a package configuration file provided by "tf_conversions"
  with any of the following names:

    tf_conversionsConfig.cmake
    tf_conversions-config.cmake

  Add the installation prefix of "tf_conversions" to CMAKE_PREFIX_PATH or set
  "tf_conversions_DIR" to a directory containing one of the above files.  If
  "tf_conversions" provides a separate development package or SDK, be sure it
  has been installed.
[36mCall Stack (most recent call first):[0m
  CMakeLists.txt:8 (find_package)


[36m--[0m Could not find the required component 'tf_conversions'. The following CMake error indicates that you either need to install the package with the same name or change your environment so that it can be found.
[36m--[0m Configuring incomplete, errors occurred!
See also "/home/raphael/catkin_ws/build/teb_local_planner/CMakeFiles/CMakeOutput.log".
See also "/home/raphael/catkin_ws/build/teb_local_planner/CMakeFiles/CMakeError.log".
Makefile:2382: recipe for target 'cmake_check_build_system' failed
make: *** [cmake_check_build_system] Error 1
