[  0%] Built target std_msgs_generate_messages_cpp
[  0%] Built target std_msgs_generate_messages_nodejs
[  0%] Built target std_msgs_generate_messages_py
[ 22%] Built target Firefly
[ 22%] Built target std_msgs_generate_messages_lisp
[ 22%] Built target otimizador_generate_messages_cpp
[ 44%] Built target Node
[ 44%] Built target std_msgs_generate_messages_eus
[ 44%] Built target otimizador_generate_messages_py
[ 44%] Built target otimizador_generate_messages_nodejs
[ 55%] Built target otimizador_generate_messages_lisp
[ 55%] Built target otimizador_generate_messages_eus
[ 77%] Built target AStar
[ 77%] Built target otimizador_generate_messages
[35m[1mScanning dependencies of target otimizador[0m
[ 88%] [32mBuilding CXX object CMakeFiles/otimizador.dir/src/otimizador.cpp.o[0m
[01m[K/home/raphael/catkin_ws/src/otimizador/src/otimizador.cpp:[m[K In function ‘[01m[Kdouble* GeneticAlgorithm(int, int, double*, double*, int, int, int)[m[K’:
[01m[K/home/raphael/catkin_ws/src/otimizador/src/otimizador.cpp:1867:67:[m[K [01;35m[Kwarning: [m[Kformat ‘[01m[K%d[m[K’ expects argument of type ‘[01m[Kint[m[K’, but argument 6 has type ‘[01m[Kdouble[m[K’ [-Wformat=]
          P.indiv[P.melhor].fit, P.gerMelhor, P.numMuta, Aval, erro);
[01;32m[K                                                                   ^[m[K
[100%] [32m[1mLinking CXX executable /home/raphael/catkin_ws/devel/.private/otimizador/lib/otimizador/otimizador[0m
[100%] Built target otimizador
