[  0%] Built target std_msgs_generate_messages_cpp
[  0%] Built target std_msgs_generate_messages_nodejs
[ 18%] Built target Firefly
[ 18%] Built target std_msgs_generate_messages_lisp
[ 18%] Built target std_msgs_generate_messages_py
[ 18%] Built target std_msgs_generate_messages_eus
[ 36%] Built target OptimizationMethods
[ 36%] Built target otimizador_generate_messages_cpp
[ 54%] Built target Node
[ 54%] Built target otimizador_generate_messages_py
[ 54%] Built target otimizador_generate_messages_nodejs
[ 63%] Built target otimizador_generate_messages_eus
[ 63%] Built target otimizador_generate_messages_lisp
[ 81%] Built target AStar
[ 81%] Built target otimizador_generate_messages
[35m[1mScanning dependencies of target otimizador[0m
[ 90%] [32mBuilding CXX object CMakeFiles/otimizador.dir/src/otimizador.cpp.o[0m
[01m[K/home/raphael/catkin_ws/src/otimizador/src/otimizador.cpp:[m[K In function ‘[01m[Kvoid mapCallback(const ConstPtr&)[m[K’:
[01m[K/home/raphael/catkin_ws/src/otimizador/src/otimizador.cpp:706:14:[m[K [01;31m[Kerror: [m[Kexpected ‘[01m[K;[m[K’ before ‘[01m[K:[m[K’ token
   cout<< "1>":
[01;32m[K              ^[m[K
[01m[K/home/raphael/catkin_ws/src/otimizador/src/otimizador.cpp:2288:1:[m[K [01;31m[Kerror: [m[Kexpected ‘[01m[K}[m[K’ at end of input
 }
[01;32m[K ^[m[K
CMakeFiles/otimizador.dir/build.make:62: recipe for target 'CMakeFiles/otimizador.dir/src/otimizador.cpp.o' failed
make[2]: *** [CMakeFiles/otimizador.dir/src/otimizador.cpp.o] Error 1
make[1]: *** [CMakeFiles/otimizador.dir/all] Error 2
CMakeFiles/Makefile2:2969: recipe for target 'CMakeFiles/otimizador.dir/all' failed
Makefile:138: recipe for target 'all' failed
make: *** [all] Error 2
