[  0%] Built target std_msgs_generate_messages_cpp
[  0%] Built target std_msgs_generate_messages_nodejs
[  0%] Built target std_msgs_generate_messages_lisp
[  0%] Built target std_msgs_generate_messages_py
[  0%] Built target std_msgs_generate_messages_eus
[ 18%] Built target Firefly
[35m[1mScanning dependencies of target OptimizationMethods[0m
[ 18%] Built target otimizador_generate_messages_cpp
[ 27%] [32mBuilding CXX object CMakeFiles/OptimizationMethods.dir/src/OptimizationMethods.cpp.o[0m
[ 45%] Built target Node
[ 45%] Built target otimizador_generate_messages_py
[ 45%] Built target otimizador_generate_messages_lisp
[ 45%] Built target otimizador_generate_messages_nodejs
[ 54%] Built target otimizador_generate_messages_eus
[ 72%] Built target AStar
[ 81%] [32m[1mLinking CXX shared library /home/raphael/catkin_ws/devel/.private/otimizador/lib/libOptimizationMethods.so[0m
[ 81%] Built target otimizador_generate_messages
[ 81%] Built target OptimizationMethods
[ 90%] [32m[1mLinking CXX executable /home/raphael/catkin_ws/devel/.private/otimizador/lib/otimizador/otimizador[0m
[100%] Built target otimizador
