[  0%] Built target std_msgs_generate_messages_cpp
[  0%] Built target std_msgs_generate_messages_py
[  0%] Built target std_msgs_generate_messages_nodejs
[ 22%] Built target Firefly
[ 22%] Built target std_msgs_generate_messages_lisp
[ 22%] Built target std_msgs_generate_messages_eus
[ 22%] Built target otimizador_generate_messages_cpp
[ 44%] Built target Node
[ 44%] Built target otimizador_generate_messages_py
[ 44%] Built target otimizador_generate_messages_nodejs
[ 44%] Built target otimizador_generate_messages_lisp
[ 55%] Built target otimizador_generate_messages_eus
[ 77%] Built target AStar
[ 77%] Built target otimizador_generate_messages
[35m[1mScanning dependencies of target otimizador[0m
[ 88%] [32mBuilding CXX object CMakeFiles/otimizador.dir/src/otimizador.cpp.o[0m
[01m[K/home/raphael/catkin_ws/src/otimizador/src/otimizador.cpp:[m[K In function ‘[01m[Kdouble* GeneticAlgorithm(int, int, double*, double*, int, int, int)[m[K’:
[01m[K/home/raphael/catkin_ws/src/otimizador/src/otimizador.cpp:1867:77:[m[K [01;35m[Kwarning: [m[Kformat ‘[01m[K%d[m[K’ expects argument of type ‘[01m[Kint[m[K’, but argument 6 has type ‘[01m[Kdouble[m[K’ [-Wformat=]
          P.indiv[P.melhor].fit, P.gerMelhor, P.numMuta, Aval, erro, med, dvp);
[01;32m[K                                                                             ^[m[K
[01m[K/home/raphael/catkin_ws/src/otimizador/src/otimizador.cpp:[m[K In function ‘[01m[Kvoid GeraMapaObjetivo(int, int)[m[K’:
[01m[K/home/raphael/catkin_ws/src/otimizador/src/otimizador.cpp:2328:30:[m[K [01;35m[Kwarning: [m[Knarrowing conversion of ‘[01m[Ki[m[K’ from ‘[01m[Kint[m[K’ to ‘[01m[Kdouble[m[K’ inside { } [-Wnarrowing]
       double pixel[2] = {i, j};
[01;32m[K                              ^[m[K
[01m[K/home/raphael/catkin_ws/src/otimizador/src/otimizador.cpp:2328:30:[m[K [01;35m[Kwarning: [m[Knarrowing conversion of ‘[01m[Kj[m[K’ from ‘[01m[Kint[m[K’ to ‘[01m[Kdouble[m[K’ inside { } [-Wnarrowing]
[01m[K/home/raphael/catkin_ws/src/otimizador/src/otimizador.cpp:2333:41:[m[K [01;35m[Kwarning: [m[Knarrowing conversion of ‘[01m[Krobot_position[1][m[K’ from ‘[01m[Kint[m[K’ to ‘[01m[Kdouble[m[K’ inside { } [-Wnarrowing]
         double rp[2] = {robot_position[1], robot_position[0]};
[01;32m[K                                         ^[m[K
[01m[K/home/raphael/catkin_ws/src/otimizador/src/otimizador.cpp:2333:60:[m[K [01;35m[Kwarning: [m[Knarrowing conversion of ‘[01m[Krobot_position[0][m[K’ from ‘[01m[Kint[m[K’ to ‘[01m[Kdouble[m[K’ inside { } [-Wnarrowing]
         double rp[2] = {robot_position[1], robot_position[0]};
[01;32m[K                                                            ^[m[K
[01m[K/home/raphael/catkin_ws/src/otimizador/src/otimizador.cpp:2334:43:[m[K [01;35m[Kwarning: [m[Knarrowing conversion of ‘[01m[Kdestino_corrente[1][m[K’ from ‘[01m[Kint[m[K’ to ‘[01m[Kdouble[m[K’ inside { } [-Wnarrowing]
         double dp[2] = {destino_corrente[1], destino_corrente[0]};
[01;32m[K                                           ^[m[K
[01m[K/home/raphael/catkin_ws/src/otimizador/src/otimizador.cpp:2334:64:[m[K [01;35m[Kwarning: [m[Knarrowing conversion of ‘[01m[Kdestino_corrente[0][m[K’ from ‘[01m[Kint[m[K’ to ‘[01m[Kdouble[m[K’ inside { } [-Wnarrowing]
         double dp[2] = {destino_corrente[1], destino_corrente[0]};
[01;32m[K                                                                ^[m[K
[01m[K/home/raphael/catkin_ws/src/otimizador/src/otimizador.cpp:[m[K In function ‘[01m[Kvoid mapCallback(const ConstPtr&)[m[K’:
[01m[K/home/raphael/catkin_ws/src/otimizador/src/otimizador.cpp:734:32:[m[K [01;35m[Kwarning: [m[Kignoring return value of ‘[01m[Kint system(const char*)[m[K’, declared with attribute warn_unused_result [-Wunused-result]
     system("rosnode kill SLAM");
[01;32m[K                                ^[m[K
[100%] [32m[1mLinking CXX executable /home/raphael/catkin_ws/devel/.private/otimizador/lib/otimizador/otimizador[0m
[100%] Built target otimizador
