[  0%] Built target std_msgs_generate_messages_py
[  0%] Built target std_msgs_generate_messages_cpp
[  0%] Built target std_msgs_generate_messages_nodejs
[ 18%] Built target Firefly
[ 18%] Built target std_msgs_generate_messages_lisp
[ 18%] Built target std_msgs_generate_messages_eus
[ 36%] Built target OptimizationMethods
[ 36%] Built target otimizador_generate_messages_cpp
[ 54%] Built target Node
[ 54%] Built target otimizador_generate_messages_py
[ 54%] Built target otimizador_generate_messages_nodejs
[ 54%] Built target otimizador_generate_messages_lisp
[ 63%] Built target otimizador_generate_messages_eus
[ 72%] Built target otimizador_generate_messages
[ 81%] Built target AStar
[35m[1mScanning dependencies of target otimizador[0m
[ 90%] [32mBuilding CXX object CMakeFiles/otimizador.dir/src/otimizador.cpp.o[0m
[01m[K/home/raphael/catkin_ws/src/otimizador/src/otimizador.cpp:[m[K In function ‘[01m[Kdouble* SimplexAlgorithm()[m[K’:
[01m[K/home/raphael/catkin_ws/src/otimizador/src/otimizador.cpp:1538:29:[m[K [01;31m[Kerror: [m[Kscalar object ‘[01m[Kstart[m[K’ requires one element in initializer
   double * start = {0.0, 0.0};
[01;32m[K                             ^[m[K
CMakeFiles/otimizador.dir/build.make:62: recipe for target 'CMakeFiles/otimizador.dir/src/otimizador.cpp.o' failed
make[2]: *** [CMakeFiles/otimizador.dir/src/otimizador.cpp.o] Error 1
CMakeFiles/Makefile2:2969: recipe for target 'CMakeFiles/otimizador.dir/all' failed
make[1]: *** [CMakeFiles/otimizador.dir/all] Error 2
Makefile:138: recipe for target 'all' failed
make: *** [all] Error 2
