Determining if the pthread_create exist failed with the following output:
Change Dir: /home/raphael/catkin_ws/build/teb_local_planner/CMakeFiles/CMakeTmp

Run Build Command:"/usr/bin/make" "cmTC_ed643/fast"
/usr/bin/make -f CMakeFiles/cmTC_ed643.dir/build.make CMakeFiles/cmTC_ed643.dir/build
make[1]: Entering directory '/home/raphael/catkin_ws/build/teb_local_planner/CMakeFiles/CMakeTmp'
Building C object CMakeFiles/cmTC_ed643.dir/CheckSymbolExists.c.o
/usr/bin/cc     -o CMakeFiles/cmTC_ed643.dir/CheckSymbolExists.c.o   -c /home/raphael/catkin_ws/build/teb_local_planner/CMakeFiles/CMakeTmp/CheckSymbolExists.c
Linking C executable cmTC_ed643
/usr/bin/cmake -E cmake_link_script CMakeFiles/cmTC_ed643.dir/link.txt --verbose=1
/usr/bin/cc       CMakeFiles/cmTC_ed643.dir/CheckSymbolExists.c.o  -o cmTC_ed643 -rdynamic 
CMakeFiles/cmTC_ed643.dir/CheckSymbolExists.c.o: na função `main':
CheckSymbolExists.c:(.text+0x16): referência indefinida para `pthread_create'
collect2: error: ld returned 1 exit status
CMakeFiles/cmTC_ed643.dir/build.make:97: recipe for target 'cmTC_ed643' failed
make[1]: *** [cmTC_ed643] Error 1
make[1]: Leaving directory '/home/raphael/catkin_ws/build/teb_local_planner/CMakeFiles/CMakeTmp'
Makefile:126: recipe for target 'cmTC_ed643/fast' failed
make: *** [cmTC_ed643/fast] Error 2

File /home/raphael/catkin_ws/build/teb_local_planner/CMakeFiles/CMakeTmp/CheckSymbolExists.c:
/* */
#include <pthread.h>

int main(int argc, char** argv)
{
  (void)argv;
#ifndef pthread_create
  return ((int*)(&pthread_create))[argc];
#else
  (void)argc;
  return 0;
#endif
}

Determining if the function pthread_create exists in the pthreads failed with the following output:
Change Dir: /home/raphael/catkin_ws/build/teb_local_planner/CMakeFiles/CMakeTmp

Run Build Command:"/usr/bin/make" "cmTC_623ab/fast"
/usr/bin/make -f CMakeFiles/cmTC_623ab.dir/build.make CMakeFiles/cmTC_623ab.dir/build
make[1]: Entering directory '/home/raphael/catkin_ws/build/teb_local_planner/CMakeFiles/CMakeTmp'
Building C object CMakeFiles/cmTC_623ab.dir/CheckFunctionExists.c.o
/usr/bin/cc    -DCHECK_FUNCTION_EXISTS=pthread_create   -o CMakeFiles/cmTC_623ab.dir/CheckFunctionExists.c.o   -c /usr/share/cmake-3.5/Modules/CheckFunctionExists.c
Linking C executable cmTC_623ab
/usr/bin/cmake -E cmake_link_script CMakeFiles/cmTC_623ab.dir/link.txt --verbose=1
/usr/bin/cc   -DCHECK_FUNCTION_EXISTS=pthread_create    CMakeFiles/cmTC_623ab.dir/CheckFunctionExists.c.o  -o cmTC_623ab -rdynamic -lpthreads 
/usr/bin/ld: não foi possível encontrar -lpthreads
collect2: error: ld returned 1 exit status
CMakeFiles/cmTC_623ab.dir/build.make:97: recipe for target 'cmTC_623ab' failed
make[1]: *** [cmTC_623ab] Error 1
make[1]: Leaving directory '/home/raphael/catkin_ws/build/teb_local_planner/CMakeFiles/CMakeTmp'
Makefile:126: recipe for target 'cmTC_623ab/fast' failed
make: *** [cmTC_623ab/fast] Error 2


