Not searching for unused variables given on the command line.
[36m--[0m Using CATKIN_DEVEL_PREFIX: /home/raphael/catkin_ws/devel/.private/dynamic_tutorials
[36m--[0m Using CMAKE_PREFIX_PATH: /home/raphael/catkin_ws/devel;/home/raphael/catkin_ws/devel/.private/catkin_tools_prebuild;/opt/ros/kinetic
[36m--[0m This workspace overlays: /home/raphael/catkin_ws/devel;/home/raphael/catkin_ws/devel/.private/catkin_tools_prebuild;/opt/ros/kinetic
[36m--[0m Using PYTHON_EXECUTABLE: /usr/bin/python
[36m--[0m Using Debian Python package layout
[36m--[0m Using empy: /usr/bin/empy
[36m--[0m Using CATKIN_ENABLE_TESTING: ON
[36m--[0m Call enable_testing()
[36m--[0m Using CATKIN_TEST_RESULTS_DIR: /home/raphael/catkin_ws/build/dynamic_tutorials/test_results
[36m--[0m Found gtest sources under '/usr/src/gtest': gtests will be built
[36m--[0m Using Python nosetests: /usr/bin/nosetests-2.7
[36m--[0m catkin 0.7.6
[36m--[0m Configuring done
[31m[1mCMake Error[0m at /home/raphael/catkin_ws/src/dynamic_tutorials/CMakeLists.txt:21 (add_executable):
  Cannot find source file:

    src/server.cpp

  Tried extensions .c .C .c++ .cc .cpp .cxx .m .M .mm .h .hh .h++ .hm .hpp
  .hxx .in .txx


CMake Error: CMake can not determine linker language for target: server
CMake Error: Cannot determine link language for target "server".
[36m--[0m Generating done
[36m--[0m Build files have been written to: /home/raphael/catkin_ws/build/dynamic_tutorials
