[ 33%] Built target dynamic_tutorials_gencfg
[35m[1mScanning dependencies of target server[0m
[ 66%] [32mBuilding CXX object CMakeFiles/server.dir/nodes/server.cpp.o[0m
[100%] [32m[1mLinking CXX executable /home/raphael/catkin_ws/devel/.private/dynamic_tutorials/lib/dynamic_tutorials/server[0m
CMakeFiles/server.dir/nodes/server.cpp.o: na função `callback(dynamic_tutorials::TutorialsConfig&, unsigned int)':
server.cpp:(.text+0x22): referência indefinida para `ros::console::g_initialized'
server.cpp:(.text+0x32): referência indefinida para `ros::console::initialize()'
server.cpp:(.text+0x7b): referência indefinida para `ros::console::initializeLogLocation(ros::console::LogLocation*, std::__cxx11::basic_string<char, std::char_traits<char>, std::allocator<char> > const&, ros::console::levels::Level)'
server.cpp:(.text+0xb6): referência indefinida para `ros::console::setLogLocationLevel(ros::console::LogLocation*, ros::console::levels::Level)'
server.cpp:(.text+0xc0): referência indefinida para `ros::console::checkLogLocationEnabled(ros::console::LogLocation*)'
server.cpp:(.text+0x11d): referência indefinida para `ros::console::print(ros::console::FilterBase*, void*, ros::console::levels::Level, char const*, int, char const*, char const*, ...)'
CMakeFiles/server.dir/nodes/server.cpp.o: na função `main':
server.cpp:(.text+0x1df): referência indefinida para `ros::init(int&, char**, std::__cxx11::basic_string<char, std::char_traits<char>, std::allocator<char> > const&, unsigned int)'
server.cpp:(.text+0x256): referência indefinida para `ros::NodeHandle::NodeHandle(std::__cxx11::basic_string<char, std::char_traits<char>, std::allocator<char> > const&, std::map<std::__cxx11::basic_string<char, std::char_traits<char>, std::allocator<char> >, std::__cxx11::basic_string<char, std::char_traits<char>, std::allocator<char> >, std::less<std::__cxx11::basic_string<char, std::char_traits<char>, std::allocator<char> > >, std::allocator<std::pair<std::__cxx11::basic_string<char, std::char_traits<char>, std::allocator<char> > const, std::__cxx11::basic_string<char, std::char_traits<char>, std::allocator<char> > > > > const&)'
server.cpp:(.text+0x27e): referência indefinida para `ros::NodeHandle::~NodeHandle()'
server.cpp:(.text+0x300): referência indefinida para `ros::console::g_initialized'
server.cpp:(.text+0x310): referência indefinida para `ros::console::initialize()'
server.cpp:(.text+0x365): referência indefinida para `ros::console::initializeLogLocation(ros::console::LogLocation*, std::__cxx11::basic_string<char, std::char_traits<char>, std::allocator<char> > const&, ros::console::levels::Level)'
server.cpp:(.text+0x3a6): referência indefinida para `ros::console::setLogLocationLevel(ros::console::LogLocation*, ros::console::levels::Level)'
server.cpp:(.text+0x3b0): referência indefinida para `ros::console::checkLogLocationEnabled(ros::console::LogLocation*)'
server.cpp:(.text+0x402): referência indefinida para `ros::console::print(ros::console::FilterBase*, void*, ros::console::levels::Level, char const*, int, char const*, char const*, ...)'
server.cpp:(.text+0x40b): referência indefinida para `ros::spin()'
server.cpp:(.text+0x48b): referência indefinida para `ros::NodeHandle::~NodeHandle()'
CMakeFiles/server.dir/nodes/server.cpp.o: na função `__static_initialization_and_destruction_0(int, int)':
server.cpp:(.text+0x61b): referência indefinida para `boost::system::generic_category()'
server.cpp:(.text+0x627): referência indefinida para `boost::system::generic_category()'
server.cpp:(.text+0x633): referência indefinida para `boost::system::system_category()'
CMakeFiles/server.dir/nodes/server.cpp.o: na função `boost::thread_exception::thread_exception(int, char const*)':
server.cpp:(.text._ZN5boost16thread_exceptionC2EiPKc[_ZN5boost16thread_exceptionC5EiPKc]+0x23): referência indefinida para `boost::system::system_category()'
CMakeFiles/server.dir/nodes/server.cpp.o: na função `boost::recursive_mutex::recursive_mutex()':
server.cpp:(.text._ZN5boost15recursive_mutexC2Ev[_ZN5boost15recursive_mutexC5Ev]+0x2a): referência indefinida para `pthread_mutexattr_init'
server.cpp:(.text._ZN5boost15recursive_mutexC2Ev[_ZN5boost15recursive_mutexC5Ev]+0x66): referência indefinida para `pthread_mutexattr_settype'
server.cpp:(.text._ZN5boost15recursive_mutexC2Ev[_ZN5boost15recursive_mutexC5Ev]+0x7b): referência indefinida para `pthread_mutexattr_destroy'
server.cpp:(.text._ZN5boost15recursive_mutexC2Ev[_ZN5boost15recursive_mutexC5Ev]+0xe5): referência indefinida para `pthread_mutexattr_destroy'
server.cpp:(.text._ZN5boost15recursive_mutexC2Ev[_ZN5boost15recursive_mutexC5Ev]+0x130): referência indefinida para `pthread_mutexattr_destroy'
CMakeFiles/server.dir/nodes/server.cpp.o: na função `dynamic_tutorials::TutorialsConfig::__fromMessage__(dynamic_reconfigure::Config_<std::allocator<void> >&)':
server.cpp:(.text._ZN17dynamic_tutorials15TutorialsConfig15__fromMessage__ERN19dynamic_reconfigure7Config_ISaIvEEE[_ZN17dynamic_tutorials15TutorialsConfig15__fromMessage__ERN19dynamic_reconfigure7Config_ISaIvEEE]+0x1e4): referência indefinida para `ros::console::g_initialized'
server.cpp:(.text._ZN17dynamic_tutorials15TutorialsConfig15__fromMessage__ERN19dynamic_reconfigure7Config_ISaIvEEE[_ZN17dynamic_tutorials15TutorialsConfig15__fromMessage__ERN19dynamic_reconfigure7Config_ISaIvEEE]+0x1f4): referência indefinida para `ros::console::initialize()'
server.cpp:(.text._ZN17dynamic_tutorials15TutorialsConfig15__fromMessage__ERN19dynamic_reconfigure7Config_ISaIvEEE[_ZN17dynamic_tutorials15TutorialsConfig15__fromMessage__ERN19dynamic_reconfigure7Config_ISaIvEEE]+0x23d): referência indefinida para `ros::console::initializeLogLocation(ros::console::LogLocation*, std::__cxx11::basic_string<char, std::char_traits<char>, std::allocator<char> > const&, ros::console::levels::Level)'
server.cpp:(.text._ZN17dynamic_tutorials15TutorialsConfig15__fromMessage__ERN19dynamic_reconfigure7Config_ISaIvEEE[_ZN17dynamic_tutorials15TutorialsConfig15__fromMessage__ERN19dynamic_reconfigure7Config_ISaIvEEE]+0x278): referência indefinida para `ros::console::setLogLocationLevel(ros::console::LogLocation*, ros::console::levels::Level)'
server.cpp:(.text._ZN17dynamic_tutorials15TutorialsConfig15__fromMessage__ERN19dynamic_reconfigure7Config_ISaIvEEE[_ZN17dynamic_tutorials15TutorialsConfig15__fromMessage__ERN19dynamic_reconfigure7Config_ISaIvEEE]+0x282): referência indefinida para `ros::console::checkLogLocationEnabled(ros::console::LogLocation*)'
server.cpp:(.text._ZN17dynamic_tutorials15TutorialsConfig15__fromMessage__ERN19dynamic_reconfigure7Config_ISaIvEEE[_ZN17dynamic_tutorials15TutorialsConfig15__fromMessage__ERN19dynamic_reconfigure7Config_ISaIvEEE]+0x2d4): referência indefinida para `ros::console::print(ros::console::FilterBase*, void*, ros::console::levels::Level, char const*, int, char const*, char const*, ...)'
server.cpp:(.text._ZN17dynamic_tutorials15TutorialsConfig15__fromMessage__ERN19dynamic_reconfigure7Config_ISaIvEEE[_ZN17dynamic_tutorials15TutorialsConfig15__fromMessage__ERN19dynamic_reconfigure7Config_ISaIvEEE]+0x2df): referência indefinida para `ros::console::g_initialized'
server.cpp:(.text._ZN17dynamic_tutorials15TutorialsConfig15__fromMessage__ERN19dynamic_reconfigure7Config_ISaIvEEE[_ZN17dynamic_tutorials15TutorialsConfig15__fromMessage__ERN19dynamic_reconfigure7Config_ISaIvEEE]+0x2ef): referência indefinida para `ros::console::initialize()'
server.cpp:(.text._ZN17dynamic_tutorials15TutorialsConfig15__fromMessage__ERN19dynamic_reconfigure7Config_ISaIvEEE[_ZN17dynamic_tutorials15TutorialsConfig15__fromMessage__ERN19dynamic_reconfigure7Config_ISaIvEEE]+0x338): referência indefinida para `ros::console::initializeLogLocation(ros::console::LogLocation*, std::__cxx11::basic_string<char, std::char_traits<char>, std::allocator<char> > const&, ros::console::levels::Level)'
server.cpp:(.text._ZN17dynamic_tutorials15TutorialsConfig15__fromMessage__ERN19dynamic_reconfigure7Config_ISaIvEEE[_ZN17dynamic_tutorials15TutorialsConfig15__fromMessage__ERN19dynamic_reconfigure7Config_ISaIvEEE]+0x373): referência indefinida para `ros::console::setLogLocationLevel(ros::console::LogLocation*, ros::console::levels::Level)'
server.cpp:(.text._ZN17dynamic_tutorials15TutorialsConfig15__fromMessage__ERN19dynamic_reconfigure7Config_ISaIvEEE[_ZN17dynamic_tutorials15TutorialsConfig15__fromMessage__ERN19dynamic_reconfigure7Config_ISaIvEEE]+0x37d): referência indefinida para `ros::console::checkLogLocationEnabled(ros::console::LogLocation*)'
server.cpp:(.text._ZN17dynamic_tutorials15TutorialsConfig15__fromMessage__ERN19dynamic_reconfigure7Config_ISaIvEEE[_ZN17dynamic_tutorials15TutorialsConfig15__fromMessage__ERN19dynamic_reconfigure7Config_ISaIvEEE]+0x3cf): referência indefinida para `ros::console::print(ros::console::FilterBase*, void*, ros::console::levels::Level, char const*, int, char const*, char const*, ...)'
server.cpp:(.text._ZN17dynamic_tutorials15TutorialsConfig15__fromMessage__ERN19dynamic_reconfigure7Config_ISaIvEEE[_ZN17dynamic_tutorials15TutorialsConfig15__fromMessage__ERN19dynamic_reconfigure7Config_ISaIvEEE]+0x407): referência indefinida para `ros::console::g_initialized'
server.cpp:(.text._ZN17dynamic_tutorials15TutorialsConfig15__fromMessage__ERN19dynamic_reconfigure7Config_ISaIvEEE[_ZN17dynamic_tutorials15TutorialsConfig15__fromMessage__ERN19dynamic_reconfigure7Config_ISaIvEEE]+0x417): referência indefinida para `ros::console::initialize()'
server.cpp:(.text._ZN17dynamic_tutorials15TutorialsConfig15__fromMessage__ERN19dynamic_reconfigure7Config_ISaIvEEE[_ZN17dynamic_tutorials15TutorialsConfig15__fromMessage__ERN19dynamic_reconfigure7Config_ISaIvEEE]+0x460): referência indefinida para `ros::console::initializeLogLocation(ros::console::LogLocation*, std::__cxx11::basic_string<char, std::char_traits<char>, std::allocator<char> > const&, ros::console::levels::Level)'
server.cpp:(.text._ZN17dynamic_tutorials15TutorialsConfig15__fromMessage__ERN19dynamic_reconfigure7Config_ISaIvEEE[_ZN17dynamic_tutorials15TutorialsConfig15__fromMessage__ERN19dynamic_reconfigure7Config_ISaIvEEE]+0x49b): referência indefinida para `ros::console::setLogLocationLevel(ros::console::LogLocation*, ros::console::levels::Level)'
server.cpp:(.text._ZN17dynamic_tutorials15TutorialsConfig15__fromMessage__ERN19dynamic_reconfigure7Config_ISaIvEEE[_ZN17dynamic_tutorials15TutorialsConfig15__fromMessage__ERN19dynamic_reconfigure7Config_ISaIvEEE]+0x4a5): referência indefinida para `ros::console::checkLogLocationEnabled(ros::console::LogLocation*)'
server.cpp:(.text._ZN17dynamic_tutorials15TutorialsConfig15__fromMessage__ERN19dynamic_reconfigure7Config_ISaIvEEE[_ZN17dynamic_tutorials15TutorialsConfig15__fromMessage__ERN19dynamic_reconfigure7Config_ISaIvEEE]+0x517): referência indefinida para `ros::console::print(ros::console::FilterBase*, void*, ros::console::levels::Level, char const*, int, char const*, char const*, ...)'
server.cpp:(.text._ZN17dynamic_tutorials15TutorialsConfig15__fromMessage__ERN19dynamic_reconfigure7Config_ISaIvEEE[_ZN17dynamic_tutorials15TutorialsConfig15__fromMessage__ERN19dynamic_reconfigure7Config_ISaIvEEE]+0x52e): referência indefinida para `ros::console::g_initialized'
server.cpp:(.text._ZN17dynamic_tutorials15TutorialsConfig15__fromMessage__ERN19dynamic_reconfigure7Config_ISaIvEEE[_ZN17dynamic_tutorials15TutorialsConfig15__fromMessage__ERN19dynamic_reconfigure7Config_ISaIvEEE]+0x53e): referência indefinida para `ros::console::initialize()'
server.cpp:(.text._ZN17dynamic_tutorials15TutorialsConfig15__fromMessage__ERN19dynamic_reconfigure7Config_ISaIvEEE[_ZN17dynamic_tutorials15TutorialsConfig15__fromMessage__ERN19dynamic_reconfigure7Config_ISaIvEEE]+0x587): referência indefinida para `ros::console::initializeLogLocation(ros::console::LogLocation*, std::__cxx11::basic_string<char, std::char_traits<char>, std::allocator<char> > const&, ros::console::levels::Level)'
server.cpp:(.text._ZN17dynamic_tutorials15TutorialsConfig15__fromMessage__ERN19dynamic_reconfigure7Config_ISaIvEEE[_ZN17dynamic_tutorials15TutorialsConfig15__fromMessage__ERN19dynamic_reconfigure7Config_ISaIvEEE]+0x5c2): referência indefinida para `ros::console::setLogLocationLevel(ros::console::LogLocation*, ros::console::levels::Level)'
server.cpp:(.text._ZN17dynamic_tutorials15TutorialsConfig15__fromMessage__ERN19dynamic_reconfigure7Config_ISaIvEEE[_ZN17dynamic_tutorials15TutorialsConfig15__fromMessage__ERN19dynamic_reconfigure7Config_ISaIvEEE]+0x5cc): referência indefinida para `ros::console::checkLogLocationEnabled(ros::console::LogLocation*)'
server.cpp:(.text._ZN17dynamic_tutorials15TutorialsConfig15__fromMessage__ERN19dynamic_reconfigure7Config_ISaIvEEE[_ZN17dynamic_tutorials15TutorialsConfig15__fromMessage__ERN19dynamic_reconfigure7Config_ISaIvEEE]+0x61e): referência indefinida para `ros::console::print(ros::console::FilterBase*, void*, ros::console::levels::Level, char const*, int, char const*, char const*, ...)'
server.cpp:(.text._ZN17dynamic_tutorials15TutorialsConfig15__fromMessage__ERN19dynamic_reconfigure7Config_ISaIvEEE[_ZN17dynamic_tutorials15TutorialsConfig15__fromMessage__ERN19dynamic_reconfigure7Config_ISaIvEEE]+0x65a): referência indefinida para `ros::console::g_initialized'
server.cpp:(.text._ZN17dynamic_tutorials15TutorialsConfig15__fromMessage__ERN19dynamic_reconfigure7Config_ISaIvEEE[_ZN17dynamic_tutorials15TutorialsConfig15__fromMessage__ERN19dynamic_reconfigure7Config_ISaIvEEE]+0x66a): referência indefinida para `ros::console::initialize()'
server.cpp:(.text._ZN17dynamic_tutorials15TutorialsConfig15__fromMessage__ERN19dynamic_reconfigure7Config_ISaIvEEE[_ZN17dynamic_tutorials15TutorialsConfig15__fromMessage__ERN19dynamic_reconfigure7Config_ISaIvEEE]+0x6b3): referência indefinida para `ros::console::initializeLogLocation(ros::console::LogLocation*, std::__cxx11::basic_string<char, std::char_traits<char>, std::allocator<char> > const&, ros::console::levels::Level)'
server.cpp:(.text._ZN17dynamic_tutorials15TutorialsConfig15__fromMessage__ERN19dynamic_reconfigure7Config_ISaIvEEE[_ZN17dynamic_tutorials15TutorialsConfig15__fromMessage__ERN19dynamic_reconfigure7Config_ISaIvEEE]+0x6ee): referência indefinida para `ros::console::setLogLocationLevel(ros::console::LogLocation*, ros::console::levels::Level)'
server.cpp:(.text._ZN17dynamic_tutorials15TutorialsConfig15__fromMessage__ERN19dynamic_reconfigure7Config_ISaIvEEE[_ZN17dynamic_tutorials15TutorialsConfig15__fromMessage__ERN19dynamic_reconfigure7Config_ISaIvEEE]+0x6f8): referência indefinida para `ros::console::checkLogLocationEnabled(ros::console::LogLocation*)'
server.cpp:(.text._ZN17dynamic_tutorials15TutorialsConfig15__fromMessage__ERN19dynamic_reconfigure7Config_ISaIvEEE[_ZN17dynamic_tutorials15TutorialsConfig15__fromMessage__ERN19dynamic_reconfigure7Config_ISaIvEEE]+0x76e): referência indefinida para `ros::console::print(ros::console::FilterBase*, void*, ros::console::levels::Level, char const*, int, char const*, char const*, ...)'
server.cpp:(.text._ZN17dynamic_tutorials15TutorialsConfig15__fromMessage__ERN19dynamic_reconfigure7Config_ISaIvEEE[_ZN17dynamic_tutorials15TutorialsConfig15__fromMessage__ERN19dynamic_reconfigure7Config_ISaIvEEE]+0x785): referência indefinida para `ros::console::g_initialized'
server.cpp:(.text._ZN17dynamic_tutorials15TutorialsConfig15__fromMessage__ERN19dynamic_reconfigure7Config_ISaIvEEE[_ZN17dynamic_tutorials15TutorialsConfig15__fromMessage__ERN19dynamic_reconfigure7Config_ISaIvEEE]+0x795): referência indefinida para `ros::console::initialize()'
server.cpp:(.text._ZN17dynamic_tutorials15TutorialsConfig15__fromMessage__ERN19dynamic_reconfigure7Config_ISaIvEEE[_ZN17dynamic_tutorials15TutorialsConfig15__fromMessage__ERN19dynamic_reconfigure7Config_ISaIvEEE]+0x7de): referência indefinida para `ros::console::initializeLogLocation(ros::console::LogLocation*, std::__cxx11::basic_string<char, std::char_traits<char>, std::allocator<char> > const&, ros::console::levels::Level)'
server.cpp:(.text._ZN17dynamic_tutorials15TutorialsConfig15__fromMessage__ERN19dynamic_reconfigure7Config_ISaIvEEE[_ZN17dynamic_tutorials15TutorialsConfig15__fromMessage__ERN19dynamic_reconfigure7Config_ISaIvEEE]+0x819): referência indefinida para `ros::console::setLogLocationLevel(ros::console::LogLocation*, ros::console::levels::Level)'
server.cpp:(.text._ZN17dynamic_tutorials15TutorialsConfig15__fromMessage__ERN19dynamic_reconfigure7Config_ISaIvEEE[_ZN17dynamic_tutorials15TutorialsConfig15__fromMessage__ERN19dynamic_reconfigure7Config_ISaIvEEE]+0x823): referência indefinida para `ros::console::checkLogLocationEnabled(ros::console::LogLocation*)'
server.cpp:(.text._ZN17dynamic_tutorials15TutorialsConfig15__fromMessage__ERN19dynamic_reconfigure7Config_ISaIvEEE[_ZN17dynamic_tutorials15TutorialsConfig15__fromMessage__ERN19dynamic_reconfigure7Config_ISaIvEEE]+0x875): referência indefinida para `ros::console::print(ros::console::FilterBase*, void*, ros::console::levels::Level, char const*, int, char const*, char const*, ...)'
server.cpp:(.text._ZN17dynamic_tutorials15TutorialsConfig15__fromMessage__ERN19dynamic_reconfigure7Config_ISaIvEEE[_ZN17dynamic_tutorials15TutorialsConfig15__fromMessage__ERN19dynamic_reconfigure7Config_ISaIvEEE]+0x8b1): referência indefinida para `ros::console::g_initialized'
server.cpp:(.text._ZN17dynamic_tutorials15TutorialsConfig15__fromMessage__ERN19dynamic_reconfigure7Config_ISaIvEEE[_ZN17dynamic_tutorials15TutorialsConfig15__fromMessage__ERN19dynamic_reconfigure7Config_ISaIvEEE]+0x8c1): referência indefinida para `ros::console::initialize()'
server.cpp:(.text._ZN17dynamic_tutorials15TutorialsConfig15__fromMessage__ERN19dynamic_reconfigure7Config_ISaIvEEE[_ZN17dynamic_tutorials15TutorialsConfig15__fromMessage__ERN19dynamic_reconfigure7Config_ISaIvEEE]+0x90a): referência indefinida para `ros::console::initializeLogLocation(ros::console::LogLocation*, std::__cxx11::basic_string<char, std::char_traits<char>, std::allocator<char> > const&, ros::console::levels::Level)'
server.cpp:(.text._ZN17dynamic_tutorials15TutorialsConfig15__fromMessage__ERN19dynamic_reconfigure7Config_ISaIvEEE[_ZN17dynamic_tutorials15TutorialsConfig15__fromMessage__ERN19dynamic_reconfigure7Config_ISaIvEEE]+0x945): referência indefinida para `ros::console::setLogLocationLevel(ros::console::LogLocation*, ros::console::levels::Level)'
server.cpp:(.text._ZN17dynamic_tutorials15TutorialsConfig15__fromMessage__ERN19dynamic_reconfigure7Config_ISaIvEEE[_ZN17dynamic_tutorials15TutorialsConfig15__fromMessage__ERN19dynamic_reconfigure7Config_ISaIvEEE]+0x94f): referência indefinida para `ros::console::checkLogLocationEnabled(ros::console::LogLocation*)'
server.cpp:(.text._ZN17dynamic_tutorials15TutorialsConfig15__fromMessage__ERN19dynamic_reconfigure7Config_ISaIvEEE[_ZN17dynamic_tutorials15TutorialsConfig15__fromMessage__ERN19dynamic_reconfigure7Config_ISaIvEEE]+0x9c5): referência indefinida para `ros::console::print(ros::console::FilterBase*, void*, ros::console::levels::Level, char const*, int, char const*, char const*, ...)'
server.cpp:(.text._ZN17dynamic_tutorials15TutorialsConfig15__fromMessage__ERN19dynamic_reconfigure7Config_ISaIvEEE[_ZN17dynamic_tutorials15TutorialsConfig15__fromMessage__ERN19dynamic_reconfigure7Config_ISaIvEEE]+0x9dc): referência indefinida para `ros::console::g_initialized'
server.cpp:(.text._ZN17dynamic_tutorials15TutorialsConfig15__fromMessage__ERN19dynamic_reconfigure7Config_ISaIvEEE[_ZN17dynamic_tutorials15TutorialsConfig15__fromMessage__ERN19dynamic_reconfigure7Config_ISaIvEEE]+0x9ec): referência indefinida para `ros::console::initialize()'
server.cpp:(.text._ZN17dynamic_tutorials15TutorialsConfig15__fromMessage__ERN19dynamic_reconfigure7Config_ISaIvEEE[_ZN17dynamic_tutorials15TutorialsConfig15__fromMessage__ERN19dynamic_reconfigure7Config_ISaIvEEE]+0xa35): referência indefinida para `ros::console::initializeLogLocation(ros::console::LogLocation*, std::__cxx11::basic_string<char, std::char_traits<char>, std::allocator<char> > const&, ros::console::levels::Level)'
server.cpp:(.text._ZN17dynamic_tutorials15TutorialsConfig15__fromMessage__ERN19dynamic_reconfigure7Config_ISaIvEEE[_ZN17dynamic_tutorials15TutorialsConfig15__fromMessage__ERN19dynamic_reconfigure7Config_ISaIvEEE]+0xa70): referência indefinida para `ros::console::setLogLocationLevel(ros::console::LogLocation*, ros::console::levels::Level)'
server.cpp:(.text._ZN17dynamic_tutorials15TutorialsConfig15__fromMessage__ERN19dynamic_reconfigure7Config_ISaIvEEE[_ZN17dynamic_tutorials15TutorialsConfig15__fromMessage__ERN19dynamic_reconfigure7Config_ISaIvEEE]+0xa7a): referência indefinida para `ros::console::checkLogLocationEnabled(ros::console::LogLocation*)'
server.cpp:(.text._ZN17dynamic_tutorials15TutorialsConfig15__fromMessage__ERN19dynamic_reconfigure7Config_ISaIvEEE[_ZN17dynamic_tutorials15TutorialsConfig15__fromMessage__ERN19dynamic_reconfigure7Config_ISaIvEEE]+0xacc): referência indefinida para `ros::console::print(ros::console::FilterBase*, void*, ros::console::levels::Level, char const*, int, char const*, char const*, ...)'
server.cpp:(.text._ZN17dynamic_tutorials15TutorialsConfig15__fromMessage__ERN19dynamic_reconfigure7Config_ISaIvEEE[_ZN17dynamic_tutorials15TutorialsConfig15__fromMessage__ERN19dynamic_reconfigure7Config_ISaIvEEE]+0xb08): referência indefinida para `ros::console::g_initialized'
server.cpp:(.text._ZN17dynamic_tutorials15TutorialsConfig15__fromMessage__ERN19dynamic_reconfigure7Config_ISaIvEEE[_ZN17dynamic_tutorials15TutorialsConfig15__fromMessage__ERN19dynamic_reconfigure7Config_ISaIvEEE]+0xb18): referência indefinida para `ros::console::initialize()'
server.cpp:(.text._ZN17dynamic_tutorials15TutorialsConfig15__fromMessage__ERN19dynamic_reconfigure7Config_ISaIvEEE[_ZN17dynamic_tutorials15TutorialsConfig15__fromMessage__ERN19dynamic_reconfigure7Config_ISaIvEEE]+0xb61): referência indefinida para `ros::console::initializeLogLocation(ros::console::LogLocation*, std::__cxx11::basic_string<char, std::char_traits<char>, std::allocator<char> > const&, ros::console::levels::Level)'
server.cpp:(.text._ZN17dynamic_tutorials15TutorialsConfig15__fromMessage__ERN19dynamic_reconfigure7Config_ISaIvEEE[_ZN17dynamic_tutorials15TutorialsConfig15__fromMessage__ERN19dynamic_reconfigure7Config_ISaIvEEE]+0xb9c): referência indefinida para `ros::console::setLogLocationLevel(ros::console::LogLocation*, ros::console::levels::Level)'
server.cpp:(.text._ZN17dynamic_tutorials15TutorialsConfig15__fromMessage__ERN19dynamic_reconfigure7Config_ISaIvEEE[_ZN17dynamic_tutorials15TutorialsConfig15__fromMessage__ERN19dynamic_reconfigure7Config_ISaIvEEE]+0xba6): referência indefinida para `ros::console::checkLogLocationEnabled(ros::console::LogLocation*)'
server.cpp:(.text._ZN17dynamic_tutorials15TutorialsConfig15__fromMessage__ERN19dynamic_reconfigure7Config_ISaIvEEE[_ZN17dynamic_tutorials15TutorialsConfig15__fromMessage__ERN19dynamic_reconfigure7Config_ISaIvEEE]+0xc1c): referência indefinida para `ros::console::print(ros::console::FilterBase*, void*, ros::console::levels::Level, char const*, int, char const*, char const*, ...)'
CMakeFiles/server.dir/nodes/server.cpp.o: na função `dynamic_tutorials::TutorialsConfig::__get_statics__()':
server.cpp:(.text._ZN17dynamic_tutorials15TutorialsConfig15__get_statics__Ev[_ZN17dynamic_tutorials15TutorialsConfig15__get_statics__Ev]+0x32): referência indefinida para `dynamic_reconfigure::__init_mutex__'
CMakeFiles/server.dir/nodes/server.cpp.o: na função `dynamic_reconfigure::Server<dynamic_tutorials::TutorialsConfig>::~Server()':
server.cpp:(.text._ZN19dynamic_reconfigure6ServerIN17dynamic_tutorials15TutorialsConfigEED2Ev[_ZN19dynamic_reconfigure6ServerIN17dynamic_tutorials15TutorialsConfigEED5Ev]+0x87): referência indefinida para `ros::Publisher::~Publisher()'
server.cpp:(.text._ZN19dynamic_reconfigure6ServerIN17dynamic_tutorials15TutorialsConfigEED2Ev[_ZN19dynamic_reconfigure6ServerIN17dynamic_tutorials15TutorialsConfigEED5Ev]+0x99): referência indefinida para `ros::Publisher::~Publisher()'
server.cpp:(.text._ZN19dynamic_reconfigure6ServerIN17dynamic_tutorials15TutorialsConfigEED2Ev[_ZN19dynamic_reconfigure6ServerIN17dynamic_tutorials15TutorialsConfigEED5Ev]+0xab): referência indefinida para `ros::ServiceServer::~ServiceServer()'
server.cpp:(.text._ZN19dynamic_reconfigure6ServerIN17dynamic_tutorials15TutorialsConfigEED2Ev[_ZN19dynamic_reconfigure6ServerIN17dynamic_tutorials15TutorialsConfigEED5Ev]+0xb7): referência indefinida para `ros::NodeHandle::~NodeHandle()'
server.cpp:(.text._ZN19dynamic_reconfigure6ServerIN17dynamic_tutorials15TutorialsConfigEED2Ev[_ZN19dynamic_reconfigure6ServerIN17dynamic_tutorials15TutorialsConfigEED5Ev]+0x12d): referência indefinida para `ros::Publisher::~Publisher()'
server.cpp:(.text._ZN19dynamic_reconfigure6ServerIN17dynamic_tutorials15TutorialsConfigEED2Ev[_ZN19dynamic_reconfigure6ServerIN17dynamic_tutorials15TutorialsConfigEED5Ev]+0x144): referência indefinida para `ros::Publisher::~Publisher()'
server.cpp:(.text._ZN19dynamic_reconfigure6ServerIN17dynamic_tutorials15TutorialsConfigEED2Ev[_ZN19dynamic_reconfigure6ServerIN17dynamic_tutorials15TutorialsConfigEED5Ev]+0x15b): referência indefinida para `ros::ServiceServer::~ServiceServer()'
server.cpp:(.text._ZN19dynamic_reconfigure6ServerIN17dynamic_tutorials15TutorialsConfigEED2Ev[_ZN19dynamic_reconfigure6ServerIN17dynamic_tutorials15TutorialsConfigEED5Ev]+0x16c): referência indefinida para `ros::NodeHandle::~NodeHandle()'
CMakeFiles/server.dir/nodes/server.cpp.o: na função `dynamic_reconfigure::Server<dynamic_tutorials::TutorialsConfig>::Server(ros::NodeHandle const&)':
server.cpp:(.text._ZN19dynamic_reconfigure6ServerIN17dynamic_tutorials15TutorialsConfigEEC2ERKN3ros10NodeHandleE[_ZN19dynamic_reconfigure6ServerIN17dynamic_tutorials15TutorialsConfigEEC5ERKN3ros10NodeHandleE]+0x20): referência indefinida para `ros::NodeHandle::NodeHandle(ros::NodeHandle const&)'
server.cpp:(.text._ZN19dynamic_reconfigure6ServerIN17dynamic_tutorials15TutorialsConfigEEC2ERKN3ros10NodeHandleE[_ZN19dynamic_reconfigure6ServerIN17dynamic_tutorials15TutorialsConfigEEC5ERKN3ros10NodeHandleE]+0x193): referência indefinida para `ros::Publisher::~Publisher()'
server.cpp:(.text._ZN19dynamic_reconfigure6ServerIN17dynamic_tutorials15TutorialsConfigEEC2ERKN3ros10NodeHandleE[_ZN19dynamic_reconfigure6ServerIN17dynamic_tutorials15TutorialsConfigEEC5ERKN3ros10NodeHandleE]+0x1aa): referência indefinida para `ros::Publisher::~Publisher()'
server.cpp:(.text._ZN19dynamic_reconfigure6ServerIN17dynamic_tutorials15TutorialsConfigEEC2ERKN3ros10NodeHandleE[_ZN19dynamic_reconfigure6ServerIN17dynamic_tutorials15TutorialsConfigEEC5ERKN3ros10NodeHandleE]+0x1c1): referência indefinida para `ros::ServiceServer::~ServiceServer()'
server.cpp:(.text._ZN19dynamic_reconfigure6ServerIN17dynamic_tutorials15TutorialsConfigEEC2ERKN3ros10NodeHandleE[_ZN19dynamic_reconfigure6ServerIN17dynamic_tutorials15TutorialsConfigEEC5ERKN3ros10NodeHandleE]+0x1d2): referência indefinida para `ros::NodeHandle::~NodeHandle()'
CMakeFiles/server.dir/nodes/server.cpp.o: na função `dynamic_reconfigure::Server<dynamic_tutorials::TutorialsConfig>::init()':
server.cpp:(.text._ZN19dynamic_reconfigure6ServerIN17dynamic_tutorials15TutorialsConfigEE4initEv[_ZN19dynamic_reconfigure6ServerIN17dynamic_tutorials15TutorialsConfigEE4initEv]+0x143): referência indefinida para `ros::ServiceServer::~ServiceServer()'
server.cpp:(.text._ZN19dynamic_reconfigure6ServerIN17dynamic_tutorials15TutorialsConfigEE4initEv[_ZN19dynamic_reconfigure6ServerIN17dynamic_tutorials15TutorialsConfigEE4initEv]+0x1e2): referência indefinida para `ros::Publisher::~Publisher()'
server.cpp:(.text._ZN19dynamic_reconfigure6ServerIN17dynamic_tutorials15TutorialsConfigEE4initEv[_ZN19dynamic_reconfigure6ServerIN17dynamic_tutorials15TutorialsConfigEE4initEv]+0x29b): referência indefinida para `ros::Publisher::~Publisher()'
server.cpp:(.text._ZN19dynamic_reconfigure6ServerIN17dynamic_tutorials15TutorialsConfigEE4initEv[_ZN19dynamic_reconfigure6ServerIN17dynamic_tutorials15TutorialsConfigEE4initEv]+0x34b): referência indefinida para `ros::ServiceServer::~ServiceServer()'
server.cpp:(.text._ZN19dynamic_reconfigure6ServerIN17dynamic_tutorials15TutorialsConfigEE4initEv[_ZN19dynamic_reconfigure6ServerIN17dynamic_tutorials15TutorialsConfigEE4initEv]+0x38a): referência indefinida para `ros::Publisher::~Publisher()'
server.cpp:(.text._ZN19dynamic_reconfigure6ServerIN17dynamic_tutorials15TutorialsConfigEE4initEv[_ZN19dynamic_reconfigure6ServerIN17dynamic_tutorials15TutorialsConfigEE4initEv]+0x3c6): referência indefinida para `ros::Publisher::~Publisher()'
CMakeFiles/server.dir/nodes/server.cpp.o: na função `dynamic_reconfigure::Server<dynamic_tutorials::TutorialsConfig>::callCallback(dynamic_tutorials::TutorialsConfig&, int)':
server.cpp:(.text._ZN19dynamic_reconfigure6ServerIN17dynamic_tutorials15TutorialsConfigEE12callCallbackERS2_i[_ZN19dynamic_reconfigure6ServerIN17dynamic_tutorials15TutorialsConfigEE12callCallbackERS2_i]+0x64): referência indefinida para `ros::console::g_initialized'
server.cpp:(.text._ZN19dynamic_reconfigure6ServerIN17dynamic_tutorials15TutorialsConfigEE12callCallbackERS2_i[_ZN19dynamic_reconfigure6ServerIN17dynamic_tutorials15TutorialsConfigEE12callCallbackERS2_i]+0x74): referência indefinida para `ros::console::initialize()'
server.cpp:(.text._ZN19dynamic_reconfigure6ServerIN17dynamic_tutorials15TutorialsConfigEE12callCallbackERS2_i[_ZN19dynamic_reconfigure6ServerIN17dynamic_tutorials15TutorialsConfigEE12callCallbackERS2_i]+0xbd): referência indefinida para `ros::console::initializeLogLocation(ros::console::LogLocation*, std::__cxx11::basic_string<char, std::char_traits<char>, std::allocator<char> > const&, ros::console::levels::Level)'
server.cpp:(.text._ZN19dynamic_reconfigure6ServerIN17dynamic_tutorials15TutorialsConfigEE12callCallbackERS2_i[_ZN19dynamic_reconfigure6ServerIN17dynamic_tutorials15TutorialsConfigEE12callCallbackERS2_i]+0xf7): referência indefinida para `ros::console::setLogLocationLevel(ros::console::LogLocation*, ros::console::levels::Level)'
server.cpp:(.text._ZN19dynamic_reconfigure6ServerIN17dynamic_tutorials15TutorialsConfigEE12callCallbackERS2_i[_ZN19dynamic_reconfigure6ServerIN17dynamic_tutorials15TutorialsConfigEE12callCallbackERS2_i]+0x101): referência indefinida para `ros::console::checkLogLocationEnabled(ros::console::LogLocation*)'
server.cpp:(.text._ZN19dynamic_reconfigure6ServerIN17dynamic_tutorials15TutorialsConfigEE12callCallbackERS2_i[_ZN19dynamic_reconfigure6ServerIN17dynamic_tutorials15TutorialsConfigEE12callCallbackERS2_i]+0x151): referência indefinida para `ros::console::print(ros::console::FilterBase*, void*, ros::console::levels::Level, char const*, int, char const*, char const*, ...)'
server.cpp:(.text._ZN19dynamic_reconfigure6ServerIN17dynamic_tutorials15TutorialsConfigEE12callCallbackERS2_i[_ZN19dynamic_reconfigure6ServerIN17dynamic_tutorials15TutorialsConfigEE12callCallbackERS2_i]+0x177): referência indefinida para `ros::console::g_initialized'
server.cpp:(.text._ZN19dynamic_reconfigure6ServerIN17dynamic_tutorials15TutorialsConfigEE12callCallbackERS2_i[_ZN19dynamic_reconfigure6ServerIN17dynamic_tutorials15TutorialsConfigEE12callCallbackERS2_i]+0x187): referência indefinida para `ros::console::initialize()'
server.cpp:(.text._ZN19dynamic_reconfigure6ServerIN17dynamic_tutorials15TutorialsConfigEE12callCallbackERS2_i[_ZN19dynamic_reconfigure6ServerIN17dynamic_tutorials15TutorialsConfigEE12callCallbackERS2_i]+0x1d0): referência indefinida para `ros::console::initializeLogLocation(ros::console::LogLocation*, std::__cxx11::basic_string<char, std::char_traits<char>, std::allocator<char> > const&, ros::console::levels::Level)'
server.cpp:(.text._ZN19dynamic_reconfigure6ServerIN17dynamic_tutorials15TutorialsConfigEE12callCallbackERS2_i[_ZN19dynamic_reconfigure6ServerIN17dynamic_tutorials15TutorialsConfigEE12callCallbackERS2_i]+0x20b): referência indefinida para `ros::console::setLogLocationLevel(ros::console::LogLocation*, ros::console::levels::Level)'
server.cpp:(.text._ZN19dynamic_reconfigure6ServerIN17dynamic_tutorials15TutorialsConfigEE12callCallbackERS2_i[_ZN19dynamic_reconfigure6ServerIN17dynamic_tutorials15TutorialsConfigEE12callCallbackERS2_i]+0x215): referência indefinida para `ros::console::checkLogLocationEnabled(ros::console::LogLocation*)'
server.cpp:(.text._ZN19dynamic_reconfigure6ServerIN17dynamic_tutorials15TutorialsConfigEE12callCallbackERS2_i[_ZN19dynamic_reconfigure6ServerIN17dynamic_tutorials15TutorialsConfigEE12callCallbackERS2_i]+0x278): referência indefinida para `ros::console::print(ros::console::FilterBase*, void*, ros::console::levels::Level, char const*, int, char const*, char const*, ...)'
server.cpp:(.text._ZN19dynamic_reconfigure6ServerIN17dynamic_tutorials15TutorialsConfigEE12callCallbackERS2_i[_ZN19dynamic_reconfigure6ServerIN17dynamic_tutorials15TutorialsConfigEE12callCallbackERS2_i]+0x295): referência indefinida para `ros::console::g_initialized'
server.cpp:(.text._ZN19dynamic_reconfigure6ServerIN17dynamic_tutorials15TutorialsConfigEE12callCallbackERS2_i[_ZN19dynamic_reconfigure6ServerIN17dynamic_tutorials15TutorialsConfigEE12callCallbackERS2_i]+0x2a5): referência indefinida para `ros::console::initialize()'
server.cpp:(.text._ZN19dynamic_reconfigure6ServerIN17dynamic_tutorials15TutorialsConfigEE12callCallbackERS2_i[_ZN19dynamic_reconfigure6ServerIN17dynamic_tutorials15TutorialsConfigEE12callCallbackERS2_i]+0x2ee): referência indefinida para `ros::console::initializeLogLocation(ros::console::LogLocation*, std::__cxx11::basic_string<char, std::char_traits<char>, std::allocator<char> > const&, ros::console::levels::Level)'
server.cpp:(.text._ZN19dynamic_reconfigure6ServerIN17dynamic_tutorials15TutorialsConfigEE12callCallbackERS2_i[_ZN19dynamic_reconfigure6ServerIN17dynamic_tutorials15TutorialsConfigEE12callCallbackERS2_i]+0x329): referência indefinida para `ros::console::setLogLocationLevel(ros::console::LogLocation*, ros::console::levels::Level)'
server.cpp:(.text._ZN19dynamic_reconfigure6ServerIN17dynamic_tutorials15TutorialsConfigEE12callCallbackERS2_i[_ZN19dynamic_reconfigure6ServerIN17dynamic_tutorials15TutorialsConfigEE12callCallbackERS2_i]+0x333): referência indefinida para `ros::console::checkLogLocationEnabled(ros::console::LogLocation*)'
server.cpp:(.text._ZN19dynamic_reconfigure6ServerIN17dynamic_tutorials15TutorialsConfigEE12callCallbackERS2_i[_ZN19dynamic_reconfigure6ServerIN17dynamic_tutorials15TutorialsConfigEE12callCallbackERS2_i]+0x37f): referência indefinida para `ros::console::print(ros::console::FilterBase*, void*, ros::console::levels::Level, char const*, int, char const*, char const*, ...)'
CMakeFiles/server.dir/nodes/server.cpp.o: na função `ros::ServiceServer ros::NodeHandle::advertiseService<dynamic_reconfigure::Server<dynamic_tutorials::TutorialsConfig>, dynamic_reconfigure::ReconfigureRequest_<std::allocator<void> >, dynamic_reconfigure::ReconfigureResponse_<std::allocator<void> > >(std::__cxx11::basic_string<char, std::char_traits<char>, std::allocator<char> > const&, bool (dynamic_reconfigure::Server<dynamic_tutorials::TutorialsConfig>::*)(dynamic_reconfigure::ReconfigureRequest_<std::allocator<void> >&, dynamic_reconfigure::ReconfigureResponse_<std::allocator<void> >&), dynamic_reconfigure::Server<dynamic_tutorials::TutorialsConfig>*)':
server.cpp:(.text._ZN3ros10NodeHandle16advertiseServiceIN19dynamic_reconfigure6ServerIN17dynamic_tutorials15TutorialsConfigEEENS2_19ReconfigureRequest_ISaIvEEENS2_20ReconfigureResponse_IS8_EEEENS_13ServiceServerERKNSt7__cxx1112basic_stringIcSt11char_traitsIcESaIcEEEMT_FbRT0_RT1_EPSL_[_ZN3ros10NodeHandle16advertiseServiceIN19dynamic_reconfigure6ServerIN17dynamic_tutorials15TutorialsConfigEEENS2_19ReconfigureRequest_ISaIvEEENS2_20ReconfigureResponse_IS8_EEEENS_13ServiceServerERKNSt7__cxx1112basic_stringIcSt11char_traitsIcESaIcEEEMT_FbRT0_RT1_EPSL_]+0x103): referência indefinida para `ros::NodeHandle::advertiseService(ros::AdvertiseServiceOptions&)'
CMakeFiles/server.dir/nodes/server.cpp.o: na função `ros::Publisher ros::NodeHandle::advertise<dynamic_reconfigure::ConfigDescription_<std::allocator<void> > >(std::__cxx11::basic_string<char, std::char_traits<char>, std::allocator<char> > const&, unsigned int, bool)':
server.cpp:(.text._ZN3ros10NodeHandle9advertiseIN19dynamic_reconfigure18ConfigDescription_ISaIvEEEEENS_9PublisherERKNSt7__cxx1112basic_stringIcSt11char_traitsIcESaIcEEEjb[_ZN3ros10NodeHandle9advertiseIN19dynamic_reconfigure18ConfigDescription_ISaIvEEEEENS_9PublisherERKNSt7__cxx1112basic_stringIcSt11char_traitsIcESaIcEEEjb]+0xdd): referência indefinida para `ros::NodeHandle::advertise(ros::AdvertiseOptions&)'
CMakeFiles/server.dir/nodes/server.cpp.o: na função `void ros::Publisher::publish<dynamic_reconfigure::ConfigDescription_<std::allocator<void> > >(dynamic_reconfigure::ConfigDescription_<std::allocator<void> > const&) const':
server.cpp:(.text._ZNK3ros9Publisher7publishIN19dynamic_reconfigure18ConfigDescription_ISaIvEEEEEvRKT_[_ZNK3ros9Publisher7publishIN19dynamic_reconfigure18ConfigDescription_ISaIvEEEEEvRKT_]+0x47): referência indefinida para `ros::console::g_initialized'
server.cpp:(.text._ZNK3ros9Publisher7publishIN19dynamic_reconfigure18ConfigDescription_ISaIvEEEEEvRKT_[_ZNK3ros9Publisher7publishIN19dynamic_reconfigure18ConfigDescription_ISaIvEEEEEvRKT_]+0x57): referência indefinida para `ros::console::initialize()'
server.cpp:(.text._ZNK3ros9Publisher7publishIN19dynamic_reconfigure18ConfigDescription_ISaIvEEEEEvRKT_[_ZNK3ros9Publisher7publishIN19dynamic_reconfigure18ConfigDescription_ISaIvEEEEEvRKT_]+0xa6): referência indefinida para `ros::console::initializeLogLocation(ros::console::LogLocation*, std::__cxx11::basic_string<char, std::char_traits<char>, std::allocator<char> > const&, ros::console::levels::Level)'
server.cpp:(.text._ZNK3ros9Publisher7publishIN19dynamic_reconfigure18ConfigDescription_ISaIvEEEEEvRKT_[_ZNK3ros9Publisher7publishIN19dynamic_reconfigure18ConfigDescription_ISaIvEEEEEvRKT_]+0xe4): referência indefinida para `ros::console::setLogLocationLevel(ros::console::LogLocation*, ros::console::levels::Level)'
server.cpp:(.text._ZNK3ros9Publisher7publishIN19dynamic_reconfigure18ConfigDescription_ISaIvEEEEEvRKT_[_ZNK3ros9Publisher7publishIN19dynamic_reconfigure18ConfigDescription_ISaIvEEEEEvRKT_]+0xee): referência indefinida para `ros::console::checkLogLocationEnabled(ros::console::LogLocation*)'
server.cpp:(.text._ZNK3ros9Publisher7publishIN19dynamic_reconfigure18ConfigDescription_ISaIvEEEEEvRKT_[_ZNK3ros9Publisher7publishIN19dynamic_reconfigure18ConfigDescription_ISaIvEEEEEvRKT_]+0x148): referência indefinida para `ros::console::print(ros::console::FilterBase*, void*, ros::console::levels::Level, char const*, int, char const*, char const*, ...)'
server.cpp:(.text._ZNK3ros9Publisher7publishIN19dynamic_reconfigure18ConfigDescription_ISaIvEEEEEvRKT_[_ZNK3ros9Publisher7publishIN19dynamic_reconfigure18ConfigDescription_ISaIvEEEEEvRKT_]+0x153): referência indefinida para `ros::console::g_initialized'
server.cpp:(.text._ZNK3ros9Publisher7publishIN19dynamic_reconfigure18ConfigDescription_ISaIvEEEEEvRKT_[_ZNK3ros9Publisher7publishIN19dynamic_reconfigure18ConfigDescription_ISaIvEEEEEvRKT_]+0x163): referência indefinida para `ros::console::initialize()'
server.cpp:(.text._ZNK3ros9Publisher7publishIN19dynamic_reconfigure18ConfigDescription_ISaIvEEEEEvRKT_[_ZNK3ros9Publisher7publishIN19dynamic_reconfigure18ConfigDescription_ISaIvEEEEEvRKT_]+0x1b2): referência indefinida para `ros::console::initializeLogLocation(ros::console::LogLocation*, std::__cxx11::basic_string<char, std::char_traits<char>, std::allocator<char> > const&, ros::console::levels::Level)'
server.cpp:(.text._ZNK3ros9Publisher7publishIN19dynamic_reconfigure18ConfigDescription_ISaIvEEEEEvRKT_[_ZNK3ros9Publisher7publishIN19dynamic_reconfigure18ConfigDescription_ISaIvEEEEEvRKT_]+0x1f0): referência indefinida para `ros::console::setLogLocationLevel(ros::console::LogLocation*, ros::console::levels::Level)'
server.cpp:(.text._ZNK3ros9Publisher7publishIN19dynamic_reconfigure18ConfigDescription_ISaIvEEEEEvRKT_[_ZNK3ros9Publisher7publishIN19dynamic_reconfigure18ConfigDescription_ISaIvEEEEEvRKT_]+0x1fa): referência indefinida para `ros::console::checkLogLocationEnabled(ros::console::LogLocation*)'
server.cpp:(.text._ZNK3ros9Publisher7publishIN19dynamic_reconfigure18ConfigDescription_ISaIvEEEEEvRKT_[_ZNK3ros9Publisher7publishIN19dynamic_reconfigure18ConfigDescription_ISaIvEEEEEvRKT_]+0x24c): referência indefinida para `ros::console::print(ros::console::FilterBase*, void*, ros::console::levels::Level, char const*, int, char const*, char const*, ...)'
server.cpp:(.text._ZNK3ros9Publisher7publishIN19dynamic_reconfigure18ConfigDescription_ISaIvEEEEEvRKT_[_ZNK3ros9Publisher7publishIN19dynamic_reconfigure18ConfigDescription_ISaIvEEEEEvRKT_]+0x257): referência indefinida para `ros::console::g_initialized'
server.cpp:(.text._ZNK3ros9Publisher7publishIN19dynamic_reconfigure18ConfigDescription_ISaIvEEEEEvRKT_[_ZNK3ros9Publisher7publishIN19dynamic_reconfigure18ConfigDescription_ISaIvEEEEEvRKT_]+0x267): referência indefinida para `ros::console::initialize()'
server.cpp:(.text._ZNK3ros9Publisher7publishIN19dynamic_reconfigure18ConfigDescription_ISaIvEEEEEvRKT_[_ZNK3ros9Publisher7publishIN19dynamic_reconfigure18ConfigDescription_ISaIvEEEEEvRKT_]+0x2b6): referência indefinida para `ros::console::initializeLogLocation(ros::console::LogLocation*, std::__cxx11::basic_string<char, std::char_traits<char>, std::allocator<char> > const&, ros::console::levels::Level)'
server.cpp:(.text._ZNK3ros9Publisher7publishIN19dynamic_reconfigure18ConfigDescription_ISaIvEEEEEvRKT_[_ZNK3ros9Publisher7publishIN19dynamic_reconfigure18ConfigDescription_ISaIvEEEEEvRKT_]+0x2f4): referência indefinida para `ros::console::setLogLocationLevel(ros::console::LogLocation*, ros::console::levels::Level)'
server.cpp:(.text._ZNK3ros9Publisher7publishIN19dynamic_reconfigure18ConfigDescription_ISaIvEEEEEvRKT_[_ZNK3ros9Publisher7publishIN19dynamic_reconfigure18ConfigDescription_ISaIvEEEEEvRKT_]+0x2fe): referência indefinida para `ros::console::checkLogLocationEnabled(ros::console::LogLocation*)'
server.cpp:(.text._ZNK3ros9Publisher7publishIN19dynamic_reconfigure18ConfigDescription_ISaIvEEEEEvRKT_[_ZNK3ros9Publisher7publishIN19dynamic_reconfigure18ConfigDescription_ISaIvEEEEEvRKT_]+0x350): referência indefinida para `ros::console::print(ros::console::FilterBase*, void*, ros::console::levels::Level, char const*, int, char const*, char const*, ...)'
server.cpp:(.text._ZNK3ros9Publisher7publishIN19dynamic_reconfigure18ConfigDescription_ISaIvEEEEEvRKT_[_ZNK3ros9Publisher7publishIN19dynamic_reconfigure18ConfigDescription_ISaIvEEEEEvRKT_]+0x371): referência indefinida para `ros::Publisher::Impl::isValid() const'
server.cpp:(.text._ZNK3ros9Publisher7publishIN19dynamic_reconfigure18ConfigDescription_ISaIvEEEEEvRKT_[_ZNK3ros9Publisher7publishIN19dynamic_reconfigure18ConfigDescription_ISaIvEEEEEvRKT_]+0x383): referência indefinida para `ros::console::g_initialized'
server.cpp:(.text._ZNK3ros9Publisher7publishIN19dynamic_reconfigure18ConfigDescription_ISaIvEEEEEvRKT_[_ZNK3ros9Publisher7publishIN19dynamic_reconfigure18ConfigDescription_ISaIvEEEEEvRKT_]+0x393): referência indefinida para `ros::console::initialize()'
server.cpp:(.text._ZNK3ros9Publisher7publishIN19dynamic_reconfigure18ConfigDescription_ISaIvEEEEEvRKT_[_ZNK3ros9Publisher7publishIN19dynamic_reconfigure18ConfigDescription_ISaIvEEEEEvRKT_]+0x3e2): referência indefinida para `ros::console::initializeLogLocation(ros::console::LogLocation*, std::__cxx11::basic_string<char, std::char_traits<char>, std::allocator<char> > const&, ros::console::levels::Level)'
server.cpp:(.text._ZNK3ros9Publisher7publishIN19dynamic_reconfigure18ConfigDescription_ISaIvEEEEEvRKT_[_ZNK3ros9Publisher7publishIN19dynamic_reconfigure18ConfigDescription_ISaIvEEEEEvRKT_]+0x420): referência indefinida para `ros::console::setLogLocationLevel(ros::console::LogLocation*, ros::console::levels::Level)'
server.cpp:(.text._ZNK3ros9Publisher7publishIN19dynamic_reconfigure18ConfigDescription_ISaIvEEEEEvRKT_[_ZNK3ros9Publisher7publishIN19dynamic_reconfigure18ConfigDescription_ISaIvEEEEEvRKT_]+0x42a): referência indefinida para `ros::console::checkLogLocationEnabled(ros::console::LogLocation*)'
server.cpp:(.text._ZNK3ros9Publisher7publishIN19dynamic_reconfigure18ConfigDescription_ISaIvEEEEEvRKT_[_ZNK3ros9Publisher7publishIN19dynamic_reconfigure18ConfigDescription_ISaIvEEEEEvRKT_]+0x484): referência indefinida para `ros::console::print(ros::console::FilterBase*, void*, ros::console::levels::Level, char const*, int, char const*, char const*, ...)'
server.cpp:(.text._ZNK3ros9Publisher7publishIN19dynamic_reconfigure18ConfigDescription_ISaIvEEEEEvRKT_[_ZNK3ros9Publisher7publishIN19dynamic_reconfigure18ConfigDescription_ISaIvEEEEEvRKT_]+0x48f): referência indefinida para `ros::console::g_initialized'
server.cpp:(.text._ZNK3ros9Publisher7publishIN19dynamic_reconfigure18ConfigDescription_ISaIvEEEEEvRKT_[_ZNK3ros9Publisher7publishIN19dynamic_reconfigure18ConfigDescription_ISaIvEEEEEvRKT_]+0x49f): referência indefinida para `ros::console::initialize()'
server.cpp:(.text._ZNK3ros9Publisher7publishIN19dynamic_reconfigure18ConfigDescription_ISaIvEEEEEvRKT_[_ZNK3ros9Publisher7publishIN19dynamic_reconfigure18ConfigDescription_ISaIvEEEEEvRKT_]+0x4ee): referência indefinida para `ros::console::initializeLogLocation(ros::console::LogLocation*, std::__cxx11::basic_string<char, std::char_traits<char>, std::allocator<char> > const&, ros::console::levels::Level)'
server.cpp:(.text._ZNK3ros9Publisher7publishIN19dynamic_reconfigure18ConfigDescription_ISaIvEEEEEvRKT_[_ZNK3ros9Publisher7publishIN19dynamic_reconfigure18ConfigDescription_ISaIvEEEEEvRKT_]+0x52c): referência indefinida para `ros::console::setLogLocationLevel(ros::console::LogLocation*, ros::console::levels::Level)'
server.cpp:(.text._ZNK3ros9Publisher7publishIN19dynamic_reconfigure18ConfigDescription_ISaIvEEEEEvRKT_[_ZNK3ros9Publisher7publishIN19dynamic_reconfigure18ConfigDescription_ISaIvEEEEEvRKT_]+0x536): referência indefinida para `ros::console::checkLogLocationEnabled(ros::console::LogLocation*)'
server.cpp:(.text._ZNK3ros9Publisher7publishIN19dynamic_reconfigure18ConfigDescription_ISaIvEEEEEvRKT_[_ZNK3ros9Publisher7publishIN19dynamic_reconfigure18ConfigDescription_ISaIvEEEEEvRKT_]+0x59f): referência indefinida para `ros::console::print(ros::console::FilterBase*, void*, ros::console::levels::Level, char const*, int, char const*, char const*, ...)'
server.cpp:(.text._ZNK3ros9Publisher7publishIN19dynamic_reconfigure18ConfigDescription_ISaIvEEEEEvRKT_[_ZNK3ros9Publisher7publishIN19dynamic_reconfigure18ConfigDescription_ISaIvEEEEEvRKT_]+0x5aa): referência indefinida para `ros::console::g_initialized'
server.cpp:(.text._ZNK3ros9Publisher7publishIN19dynamic_reconfigure18ConfigDescription_ISaIvEEEEEvRKT_[_ZNK3ros9Publisher7publishIN19dynamic_reconfigure18ConfigDescription_ISaIvEEEEEvRKT_]+0x5ba): referência indefinida para `ros::console::initialize()'
server.cpp:(.text._ZNK3ros9Publisher7publishIN19dynamic_reconfigure18ConfigDescription_ISaIvEEEEEvRKT_[_ZNK3ros9Publisher7publishIN19dynamic_reconfigure18ConfigDescription_ISaIvEEEEEvRKT_]+0x609): referência indefinida para `ros::console::initializeLogLocation(ros::console::LogLocation*, std::__cxx11::basic_string<char, std::char_traits<char>, std::allocator<char> > const&, ros::console::levels::Level)'
server.cpp:(.text._ZNK3ros9Publisher7publishIN19dynamic_reconfigure18ConfigDescription_ISaIvEEEEEvRKT_[_ZNK3ros9Publisher7publishIN19dynamic_reconfigure18ConfigDescription_ISaIvEEEEEvRKT_]+0x647): referência indefinida para `ros::console::setLogLocationLevel(ros::console::LogLocation*, ros::console::levels::Level)'
server.cpp:(.text._ZNK3ros9Publisher7publishIN19dynamic_reconfigure18ConfigDescription_ISaIvEEEEEvRKT_[_ZNK3ros9Publisher7publishIN19dynamic_reconfigure18ConfigDescription_ISaIvEEEEEvRKT_]+0x651): referência indefinida para `ros::console::checkLogLocationEnabled(ros::console::LogLocation*)'
server.cpp:(.text._ZNK3ros9Publisher7publishIN19dynamic_reconfigure18ConfigDescription_ISaIvEEEEEvRKT_[_ZNK3ros9Publisher7publishIN19dynamic_reconfigure18ConfigDescription_ISaIvEEEEEvRKT_]+0x6a3): referência indefinida para `ros::console::print(ros::console::FilterBase*, void*, ros::console::levels::Level, char const*, int, char const*, char const*, ...)'
server.cpp:(.text._ZNK3ros9Publisher7publishIN19dynamic_reconfigure18ConfigDescription_ISaIvEEEEEvRKT_[_ZNK3ros9Publisher7publishIN19dynamic_reconfigure18ConfigDescription_ISaIvEEEEEvRKT_]+0x7b7): referência indefinida para `ros::console::g_initialized'
server.cpp:(.text._ZNK3ros9Publisher7publishIN19dynamic_reconfigure18ConfigDescription_ISaIvEEEEEvRKT_[_ZNK3ros9Publisher7publishIN19dynamic_reconfigure18ConfigDescription_ISaIvEEEEEvRKT_]+0x7c7): referência indefinida para `ros::console::initialize()'
server.cpp:(.text._ZNK3ros9Publisher7publishIN19dynamic_reconfigure18ConfigDescription_ISaIvEEEEEvRKT_[_ZNK3ros9Publisher7publishIN19dynamic_reconfigure18ConfigDescription_ISaIvEEEEEvRKT_]+0x816): referência indefinida para `ros::console::initializeLogLocation(ros::console::LogLocation*, std::__cxx11::basic_string<char, std::char_traits<char>, std::allocator<char> > const&, ros::console::levels::Level)'
server.cpp:(.text._ZNK3ros9Publisher7publishIN19dynamic_reconfigure18ConfigDescription_ISaIvEEEEEvRKT_[_ZNK3ros9Publisher7publishIN19dynamic_reconfigure18ConfigDescription_ISaIvEEEEEvRKT_]+0x854): referência indefinida para `ros::console::setLogLocationLevel(ros::console::LogLocation*, ros::console::levels::Level)'
server.cpp:(.text._ZNK3ros9Publisher7publishIN19dynamic_reconfigure18ConfigDescription_ISaIvEEEEEvRKT_[_ZNK3ros9Publisher7publishIN19dynamic_reconfigure18ConfigDescription_ISaIvEEEEEvRKT_]+0x85e): referência indefinida para `ros::console::checkLogLocationEnabled(ros::console::LogLocation*)'
server.cpp:(.text._ZNK3ros9Publisher7publishIN19dynamic_reconfigure18ConfigDescription_ISaIvEEEEEvRKT_[_ZNK3ros9Publisher7publishIN19dynamic_reconfigure18ConfigDescription_ISaIvEEEEEvRKT_]+0x8b8): referência indefinida para `ros::console::print(ros::console::FilterBase*, void*, ros::console::levels::Level, char const*, int, char const*, char const*, ...)'
server.cpp:(.text._ZNK3ros9Publisher7publishIN19dynamic_reconfigure18ConfigDescription_ISaIvEEEEEvRKT_[_ZNK3ros9Publisher7publishIN19dynamic_reconfigure18ConfigDescription_ISaIvEEEEEvRKT_]+0x8c3): referência indefinida para `ros::console::g_initialized'
server.cpp:(.text._ZNK3ros9Publisher7publishIN19dynamic_reconfigure18ConfigDescription_ISaIvEEEEEvRKT_[_ZNK3ros9Publisher7publishIN19dynamic_reconfigure18ConfigDescription_ISaIvEEEEEvRKT_]+0x8d3): referência indefinida para `ros::console::initialize()'
server.cpp:(.text._ZNK3ros9Publisher7publishIN19dynamic_reconfigure18ConfigDescription_ISaIvEEEEEvRKT_[_ZNK3ros9Publisher7publishIN19dynamic_reconfigure18ConfigDescription_ISaIvEEEEEvRKT_]+0x922): referência indefinida para `ros::console::initializeLogLocation(ros::console::LogLocation*, std::__cxx11::basic_string<char, std::char_traits<char>, std::allocator<char> > const&, ros::console::levels::Level)'
server.cpp:(.text._ZNK3ros9Publisher7publishIN19dynamic_reconfigure18ConfigDescription_ISaIvEEEEEvRKT_[_ZNK3ros9Publisher7publishIN19dynamic_reconfigure18ConfigDescription_ISaIvEEEEEvRKT_]+0x960): referência indefinida para `ros::console::setLogLocationLevel(ros::console::LogLocation*, ros::console::levels::Level)'
server.cpp:(.text._ZNK3ros9Publisher7publishIN19dynamic_reconfigure18ConfigDescription_ISaIvEEEEEvRKT_[_ZNK3ros9Publisher7publishIN19dynamic_reconfigure18ConfigDescription_ISaIvEEEEEvRKT_]+0x96a): referência indefinida para `ros::console::checkLogLocationEnabled(ros::console::LogLocation*)'
server.cpp:(.text._ZNK3ros9Publisher7publishIN19dynamic_reconfigure18ConfigDescription_ISaIvEEEEEvRKT_[_ZNK3ros9Publisher7publishIN19dynamic_reconfigure18ConfigDescription_ISaIvEEEEEvRKT_]+0xa26): referência indefinida para `ros::console::print(ros::console::FilterBase*, void*, ros::console::levels::Level, char const*, int, char const*, char const*, ...)'
server.cpp:(.text._ZNK3ros9Publisher7publishIN19dynamic_reconfigure18ConfigDescription_ISaIvEEEEEvRKT_[_ZNK3ros9Publisher7publishIN19dynamic_reconfigure18ConfigDescription_ISaIvEEEEEvRKT_]+0xa31): referência indefinida para `ros::console::g_initialized'
server.cpp:(.text._ZNK3ros9Publisher7publishIN19dynamic_reconfigure18ConfigDescription_ISaIvEEEEEvRKT_[_ZNK3ros9Publisher7publishIN19dynamic_reconfigure18ConfigDescription_ISaIvEEEEEvRKT_]+0xa41): referência indefinida para `ros::console::initialize()'
server.cpp:(.text._ZNK3ros9Publisher7publishIN19dynamic_reconfigure18ConfigDescription_ISaIvEEEEEvRKT_[_ZNK3ros9Publisher7publishIN19dynamic_reconfigure18ConfigDescription_ISaIvEEEEEvRKT_]+0xa90): referência indefinida para `ros::console::initializeLogLocation(ros::console::LogLocation*, std::__cxx11::basic_string<char, std::char_traits<char>, std::allocator<char> > const&, ros::console::levels::Level)'
server.cpp:(.text._ZNK3ros9Publisher7publishIN19dynamic_reconfigure18ConfigDescription_ISaIvEEEEEvRKT_[_ZNK3ros9Publisher7publishIN19dynamic_reconfigure18ConfigDescription_ISaIvEEEEEvRKT_]+0xace): referência indefinida para `ros::console::setLogLocationLevel(ros::console::LogLocation*, ros::console::levels::Level)'
server.cpp:(.text._ZNK3ros9Publisher7publishIN19dynamic_reconfigure18ConfigDescription_ISaIvEEEEEvRKT_[_ZNK3ros9Publisher7publishIN19dynamic_reconfigure18ConfigDescription_ISaIvEEEEEvRKT_]+0xad8): referência indefinida para `ros::console::checkLogLocationEnabled(ros::console::LogLocation*)'
server.cpp:(.text._ZNK3ros9Publisher7publishIN19dynamic_reconfigure18ConfigDescription_ISaIvEEEEEvRKT_[_ZNK3ros9Publisher7publishIN19dynamic_reconfigure18ConfigDescription_ISaIvEEEEEvRKT_]+0xb2a): referência indefinida para `ros::console::print(ros::console::FilterBase*, void*, ros::console::levels::Level, char const*, int, char const*, char const*, ...)'
server.cpp:(.text._ZNK3ros9Publisher7publishIN19dynamic_reconfigure18ConfigDescription_ISaIvEEEEEvRKT_[_ZNK3ros9Publisher7publishIN19dynamic_reconfigure18ConfigDescription_ISaIvEEEEEvRKT_]+0xbfc): referência indefinida para `ros::Publisher::publish(boost::function<ros::SerializedMessage ()> const&, ros::SerializedMessage&) const'
CMakeFiles/server.dir/nodes/server.cpp.o: na função `ros::Publisher ros::NodeHandle::advertise<dynamic_reconfigure::Config_<std::allocator<void> > >(std::__cxx11::basic_string<char, std::char_traits<char>, std::allocator<char> > const&, unsigned int, bool)':
server.cpp:(.text._ZN3ros10NodeHandle9advertiseIN19dynamic_reconfigure7Config_ISaIvEEEEENS_9PublisherERKNSt7__cxx1112basic_stringIcSt11char_traitsIcESaIcEEEjb[_ZN3ros10NodeHandle9advertiseIN19dynamic_reconfigure7Config_ISaIvEEEEENS_9PublisherERKNSt7__cxx1112basic_stringIcSt11char_traitsIcESaIcEEEjb]+0xdd): referência indefinida para `ros::NodeHandle::advertise(ros::AdvertiseOptions&)'
CMakeFiles/server.dir/nodes/server.cpp.o: na função `void ros::Publisher::publish<dynamic_reconfigure::Config_<std::allocator<void> > >(dynamic_reconfigure::Config_<std::allocator<void> > const&) const':
server.cpp:(.text._ZNK3ros9Publisher7publishIN19dynamic_reconfigure7Config_ISaIvEEEEEvRKT_[_ZNK3ros9Publisher7publishIN19dynamic_reconfigure7Config_ISaIvEEEEEvRKT_]+0x47): referência indefinida para `ros::console::g_initialized'
server.cpp:(.text._ZNK3ros9Publisher7publishIN19dynamic_reconfigure7Config_ISaIvEEEEEvRKT_[_ZNK3ros9Publisher7publishIN19dynamic_reconfigure7Config_ISaIvEEEEEvRKT_]+0x57): referência indefinida para `ros::console::initialize()'
server.cpp:(.text._ZNK3ros9Publisher7publishIN19dynamic_reconfigure7Config_ISaIvEEEEEvRKT_[_ZNK3ros9Publisher7publishIN19dynamic_reconfigure7Config_ISaIvEEEEEvRKT_]+0xa6): referência indefinida para `ros::console::initializeLogLocation(ros::console::LogLocation*, std::__cxx11::basic_string<char, std::char_traits<char>, std::allocator<char> > const&, ros::console::levels::Level)'
server.cpp:(.text._ZNK3ros9Publisher7publishIN19dynamic_reconfigure7Config_ISaIvEEEEEvRKT_[_ZNK3ros9Publisher7publishIN19dynamic_reconfigure7Config_ISaIvEEEEEvRKT_]+0xe4): referência indefinida para `ros::console::setLogLocationLevel(ros::console::LogLocation*, ros::console::levels::Level)'
server.cpp:(.text._ZNK3ros9Publisher7publishIN19dynamic_reconfigure7Config_ISaIvEEEEEvRKT_[_ZNK3ros9Publisher7publishIN19dynamic_reconfigure7Config_ISaIvEEEEEvRKT_]+0xee): referência indefinida para `ros::console::checkLogLocationEnabled(ros::console::LogLocation*)'
server.cpp:(.text._ZNK3ros9Publisher7publishIN19dynamic_reconfigure7Config_ISaIvEEEEEvRKT_[_ZNK3ros9Publisher7publishIN19dynamic_reconfigure7Config_ISaIvEEEEEvRKT_]+0x148): referência indefinida para `ros::console::print(ros::console::FilterBase*, void*, ros::console::levels::Level, char const*, int, char const*, char const*, ...)'
server.cpp:(.text._ZNK3ros9Publisher7publishIN19dynamic_reconfigure7Config_ISaIvEEEEEvRKT_[_ZNK3ros9Publisher7publishIN19dynamic_reconfigure7Config_ISaIvEEEEEvRKT_]+0x153): referência indefinida para `ros::console::g_initialized'
server.cpp:(.text._ZNK3ros9Publisher7publishIN19dynamic_reconfigure7Config_ISaIvEEEEEvRKT_[_ZNK3ros9Publisher7publishIN19dynamic_reconfigure7Config_ISaIvEEEEEvRKT_]+0x163): referência indefinida para `ros::console::initialize()'
server.cpp:(.text._ZNK3ros9Publisher7publishIN19dynamic_reconfigure7Config_ISaIvEEEEEvRKT_[_ZNK3ros9Publisher7publishIN19dynamic_reconfigure7Config_ISaIvEEEEEvRKT_]+0x1b2): referência indefinida para `ros::console::initializeLogLocation(ros::console::LogLocation*, std::__cxx11::basic_string<char, std::char_traits<char>, std::allocator<char> > const&, ros::console::levels::Level)'
server.cpp:(.text._ZNK3ros9Publisher7publishIN19dynamic_reconfigure7Config_ISaIvEEEEEvRKT_[_ZNK3ros9Publisher7publishIN19dynamic_reconfigure7Config_ISaIvEEEEEvRKT_]+0x1f0): referência indefinida para `ros::console::setLogLocationLevel(ros::console::LogLocation*, ros::console::levels::Level)'
server.cpp:(.text._ZNK3ros9Publisher7publishIN19dynamic_reconfigure7Config_ISaIvEEEEEvRKT_[_ZNK3ros9Publisher7publishIN19dynamic_reconfigure7Config_ISaIvEEEEEvRKT_]+0x1fa): referência indefinida para `ros::console::checkLogLocationEnabled(ros::console::LogLocation*)'
server.cpp:(.text._ZNK3ros9Publisher7publishIN19dynamic_reconfigure7Config_ISaIvEEEEEvRKT_[_ZNK3ros9Publisher7publishIN19dynamic_reconfigure7Config_ISaIvEEEEEvRKT_]+0x24c): referência indefinida para `ros::console::print(ros::console::FilterBase*, void*, ros::console::levels::Level, char const*, int, char const*, char const*, ...)'
server.cpp:(.text._ZNK3ros9Publisher7publishIN19dynamic_reconfigure7Config_ISaIvEEEEEvRKT_[_ZNK3ros9Publisher7publishIN19dynamic_reconfigure7Config_ISaIvEEEEEvRKT_]+0x257): referência indefinida para `ros::console::g_initialized'
server.cpp:(.text._ZNK3ros9Publisher7publishIN19dynamic_reconfigure7Config_ISaIvEEEEEvRKT_[_ZNK3ros9Publisher7publishIN19dynamic_reconfigure7Config_ISaIvEEEEEvRKT_]+0x267): referência indefinida para `ros::console::initialize()'
server.cpp:(.text._ZNK3ros9Publisher7publishIN19dynamic_reconfigure7Config_ISaIvEEEEEvRKT_[_ZNK3ros9Publisher7publishIN19dynamic_reconfigure7Config_ISaIvEEEEEvRKT_]+0x2b6): referência indefinida para `ros::console::initializeLogLocation(ros::console::LogLocation*, std::__cxx11::basic_string<char, std::char_traits<char>, std::allocator<char> > const&, ros::console::levels::Level)'
server.cpp:(.text._ZNK3ros9Publisher7publishIN19dynamic_reconfigure7Config_ISaIvEEEEEvRKT_[_ZNK3ros9Publisher7publishIN19dynamic_reconfigure7Config_ISaIvEEEEEvRKT_]+0x2f4): referência indefinida para `ros::console::setLogLocationLevel(ros::console::LogLocation*, ros::console::levels::Level)'
server.cpp:(.text._ZNK3ros9Publisher7publishIN19dynamic_reconfigure7Config_ISaIvEEEEEvRKT_[_ZNK3ros9Publisher7publishIN19dynamic_reconfigure7Config_ISaIvEEEEEvRKT_]+0x2fe): referência indefinida para `ros::console::checkLogLocationEnabled(ros::console::LogLocation*)'
server.cpp:(.text._ZNK3ros9Publisher7publishIN19dynamic_reconfigure7Config_ISaIvEEEEEvRKT_[_ZNK3ros9Publisher7publishIN19dynamic_reconfigure7Config_ISaIvEEEEEvRKT_]+0x350): referência indefinida para `ros::console::print(ros::console::FilterBase*, void*, ros::console::levels::Level, char const*, int, char const*, char const*, ...)'
server.cpp:(.text._ZNK3ros9Publisher7publishIN19dynamic_reconfigure7Config_ISaIvEEEEEvRKT_[_ZNK3ros9Publisher7publishIN19dynamic_reconfigure7Config_ISaIvEEEEEvRKT_]+0x371): referência indefinida para `ros::Publisher::Impl::isValid() const'
server.cpp:(.text._ZNK3ros9Publisher7publishIN19dynamic_reconfigure7Config_ISaIvEEEEEvRKT_[_ZNK3ros9Publisher7publishIN19dynamic_reconfigure7Config_ISaIvEEEEEvRKT_]+0x383): referência indefinida para `ros::console::g_initialized'
server.cpp:(.text._ZNK3ros9Publisher7publishIN19dynamic_reconfigure7Config_ISaIvEEEEEvRKT_[_ZNK3ros9Publisher7publishIN19dynamic_reconfigure7Config_ISaIvEEEEEvRKT_]+0x393): referência indefinida para `ros::console::initialize()'
server.cpp:(.text._ZNK3ros9Publisher7publishIN19dynamic_reconfigure7Config_ISaIvEEEEEvRKT_[_ZNK3ros9Publisher7publishIN19dynamic_reconfigure7Config_ISaIvEEEEEvRKT_]+0x3e2): referência indefinida para `ros::console::initializeLogLocation(ros::console::LogLocation*, std::__cxx11::basic_string<char, std::char_traits<char>, std::allocator<char> > const&, ros::console::levels::Level)'
server.cpp:(.text._ZNK3ros9Publisher7publishIN19dynamic_reconfigure7Config_ISaIvEEEEEvRKT_[_ZNK3ros9Publisher7publishIN19dynamic_reconfigure7Config_ISaIvEEEEEvRKT_]+0x420): referência indefinida para `ros::console::setLogLocationLevel(ros::console::LogLocation*, ros::console::levels::Level)'
server.cpp:(.text._ZNK3ros9Publisher7publishIN19dynamic_reconfigure7Config_ISaIvEEEEEvRKT_[_ZNK3ros9Publisher7publishIN19dynamic_reconfigure7Config_ISaIvEEEEEvRKT_]+0x42a): referência indefinida para `ros::console::checkLogLocationEnabled(ros::console::LogLocation*)'
server.cpp:(.text._ZNK3ros9Publisher7publishIN19dynamic_reconfigure7Config_ISaIvEEEEEvRKT_[_ZNK3ros9Publisher7publishIN19dynamic_reconfigure7Config_ISaIvEEEEEvRKT_]+0x484): referência indefinida para `ros::console::print(ros::console::FilterBase*, void*, ros::console::levels::Level, char const*, int, char const*, char const*, ...)'
server.cpp:(.text._ZNK3ros9Publisher7publishIN19dynamic_reconfigure7Config_ISaIvEEEEEvRKT_[_ZNK3ros9Publisher7publishIN19dynamic_reconfigure7Config_ISaIvEEEEEvRKT_]+0x48f): referência indefinida para `ros::console::g_initialized'
server.cpp:(.text._ZNK3ros9Publisher7publishIN19dynamic_reconfigure7Config_ISaIvEEEEEvRKT_[_ZNK3ros9Publisher7publishIN19dynamic_reconfigure7Config_ISaIvEEEEEvRKT_]+0x49f): referência indefinida para `ros::console::initialize()'
server.cpp:(.text._ZNK3ros9Publisher7publishIN19dynamic_reconfigure7Config_ISaIvEEEEEvRKT_[_ZNK3ros9Publisher7publishIN19dynamic_reconfigure7Config_ISaIvEEEEEvRKT_]+0x4ee): referência indefinida para `ros::console::initializeLogLocation(ros::console::LogLocation*, std::__cxx11::basic_string<char, std::char_traits<char>, std::allocator<char> > const&, ros::console::levels::Level)'
server.cpp:(.text._ZNK3ros9Publisher7publishIN19dynamic_reconfigure7Config_ISaIvEEEEEvRKT_[_ZNK3ros9Publisher7publishIN19dynamic_reconfigure7Config_ISaIvEEEEEvRKT_]+0x52c): referência indefinida para `ros::console::setLogLocationLevel(ros::console::LogLocation*, ros::console::levels::Level)'
server.cpp:(.text._ZNK3ros9Publisher7publishIN19dynamic_reconfigure7Config_ISaIvEEEEEvRKT_[_ZNK3ros9Publisher7publishIN19dynamic_reconfigure7Config_ISaIvEEEEEvRKT_]+0x536): referência indefinida para `ros::console::checkLogLocationEnabled(ros::console::LogLocation*)'
server.cpp:(.text._ZNK3ros9Publisher7publishIN19dynamic_reconfigure7Config_ISaIvEEEEEvRKT_[_ZNK3ros9Publisher7publishIN19dynamic_reconfigure7Config_ISaIvEEEEEvRKT_]+0x59f): referência indefinida para `ros::console::print(ros::console::FilterBase*, void*, ros::console::levels::Level, char const*, int, char const*, char const*, ...)'
server.cpp:(.text._ZNK3ros9Publisher7publishIN19dynamic_reconfigure7Config_ISaIvEEEEEvRKT_[_ZNK3ros9Publisher7publishIN19dynamic_reconfigure7Config_ISaIvEEEEEvRKT_]+0x5aa): referência indefinida para `ros::console::g_initialized'
server.cpp:(.text._ZNK3ros9Publisher7publishIN19dynamic_reconfigure7Config_ISaIvEEEEEvRKT_[_ZNK3ros9Publisher7publishIN19dynamic_reconfigure7Config_ISaIvEEEEEvRKT_]+0x5ba): referência indefinida para `ros::console::initialize()'
server.cpp:(.text._ZNK3ros9Publisher7publishIN19dynamic_reconfigure7Config_ISaIvEEEEEvRKT_[_ZNK3ros9Publisher7publishIN19dynamic_reconfigure7Config_ISaIvEEEEEvRKT_]+0x609): referência indefinida para `ros::console::initializeLogLocation(ros::console::LogLocation*, std::__cxx11::basic_string<char, std::char_traits<char>, std::allocator<char> > const&, ros::console::levels::Level)'
server.cpp:(.text._ZNK3ros9Publisher7publishIN19dynamic_reconfigure7Config_ISaIvEEEEEvRKT_[_ZNK3ros9Publisher7publishIN19dynamic_reconfigure7Config_ISaIvEEEEEvRKT_]+0x647): referência indefinida para `ros::console::setLogLocationLevel(ros::console::LogLocation*, ros::console::levels::Level)'
server.cpp:(.text._ZNK3ros9Publisher7publishIN19dynamic_reconfigure7Config_ISaIvEEEEEvRKT_[_ZNK3ros9Publisher7publishIN19dynamic_reconfigure7Config_ISaIvEEEEEvRKT_]+0x651): referência indefinida para `ros::console::checkLogLocationEnabled(ros::console::LogLocation*)'
server.cpp:(.text._ZNK3ros9Publisher7publishIN19dynamic_reconfigure7Config_ISaIvEEEEEvRKT_[_ZNK3ros9Publisher7publishIN19dynamic_reconfigure7Config_ISaIvEEEEEvRKT_]+0x6a3): referência indefinida para `ros::console::print(ros::console::FilterBase*, void*, ros::console::levels::Level, char const*, int, char const*, char const*, ...)'
server.cpp:(.text._ZNK3ros9Publisher7publishIN19dynamic_reconfigure7Config_ISaIvEEEEEvRKT_[_ZNK3ros9Publisher7publishIN19dynamic_reconfigure7Config_ISaIvEEEEEvRKT_]+0x7b7): referência indefinida para `ros::console::g_initialized'
server.cpp:(.text._ZNK3ros9Publisher7publishIN19dynamic_reconfigure7Config_ISaIvEEEEEvRKT_[_ZNK3ros9Publisher7publishIN19dynamic_reconfigure7Config_ISaIvEEEEEvRKT_]+0x7c7): referência indefinida para `ros::console::initialize()'
server.cpp:(.text._ZNK3ros9Publisher7publishIN19dynamic_reconfigure7Config_ISaIvEEEEEvRKT_[_ZNK3ros9Publisher7publishIN19dynamic_reconfigure7Config_ISaIvEEEEEvRKT_]+0x816): referência indefinida para `ros::console::initializeLogLocation(ros::console::LogLocation*, std::__cxx11::basic_string<char, std::char_traits<char>, std::allocator<char> > const&, ros::console::levels::Level)'
server.cpp:(.text._ZNK3ros9Publisher7publishIN19dynamic_reconfigure7Config_ISaIvEEEEEvRKT_[_ZNK3ros9Publisher7publishIN19dynamic_reconfigure7Config_ISaIvEEEEEvRKT_]+0x854): referência indefinida para `ros::console::setLogLocationLevel(ros::console::LogLocation*, ros::console::levels::Level)'
server.cpp:(.text._ZNK3ros9Publisher7publishIN19dynamic_reconfigure7Config_ISaIvEEEEEvRKT_[_ZNK3ros9Publisher7publishIN19dynamic_reconfigure7Config_ISaIvEEEEEvRKT_]+0x85e): referência indefinida para `ros::console::checkLogLocationEnabled(ros::console::LogLocation*)'
server.cpp:(.text._ZNK3ros9Publisher7publishIN19dynamic_reconfigure7Config_ISaIvEEEEEvRKT_[_ZNK3ros9Publisher7publishIN19dynamic_reconfigure7Config_ISaIvEEEEEvRKT_]+0x8b8): referência indefinida para `ros::console::print(ros::console::FilterBase*, void*, ros::console::levels::Level, char const*, int, char const*, char const*, ...)'
server.cpp:(.text._ZNK3ros9Publisher7publishIN19dynamic_reconfigure7Config_ISaIvEEEEEvRKT_[_ZNK3ros9Publisher7publishIN19dynamic_reconfigure7Config_ISaIvEEEEEvRKT_]+0x8c3): referência indefinida para `ros::console::g_initialized'
server.cpp:(.text._ZNK3ros9Publisher7publishIN19dynamic_reconfigure7Config_ISaIvEEEEEvRKT_[_ZNK3ros9Publisher7publishIN19dynamic_reconfigure7Config_ISaIvEEEEEvRKT_]+0x8d3): referência indefinida para `ros::console::initialize()'
server.cpp:(.text._ZNK3ros9Publisher7publishIN19dynamic_reconfigure7Config_ISaIvEEEEEvRKT_[_ZNK3ros9Publisher7publishIN19dynamic_reconfigure7Config_ISaIvEEEEEvRKT_]+0x922): referência indefinida para `ros::console::initializeLogLocation(ros::console::LogLocation*, std::__cxx11::basic_string<char, std::char_traits<char>, std::allocator<char> > const&, ros::console::levels::Level)'
server.cpp:(.text._ZNK3ros9Publisher7publishIN19dynamic_reconfigure7Config_ISaIvEEEEEvRKT_[_ZNK3ros9Publisher7publishIN19dynamic_reconfigure7Config_ISaIvEEEEEvRKT_]+0x960): referência indefinida para `ros::console::setLogLocationLevel(ros::console::LogLocation*, ros::console::levels::Level)'
server.cpp:(.text._ZNK3ros9Publisher7publishIN19dynamic_reconfigure7Config_ISaIvEEEEEvRKT_[_ZNK3ros9Publisher7publishIN19dynamic_reconfigure7Config_ISaIvEEEEEvRKT_]+0x96a): referência indefinida para `ros::console::checkLogLocationEnabled(ros::console::LogLocation*)'
server.cpp:(.text._ZNK3ros9Publisher7publishIN19dynamic_reconfigure7Config_ISaIvEEEEEvRKT_[_ZNK3ros9Publisher7publishIN19dynamic_reconfigure7Config_ISaIvEEEEEvRKT_]+0xa26): referência indefinida para `ros::console::print(ros::console::FilterBase*, void*, ros::console::levels::Level, char const*, int, char const*, char const*, ...)'
server.cpp:(.text._ZNK3ros9Publisher7publishIN19dynamic_reconfigure7Config_ISaIvEEEEEvRKT_[_ZNK3ros9Publisher7publishIN19dynamic_reconfigure7Config_ISaIvEEEEEvRKT_]+0xa31): referência indefinida para `ros::console::g_initialized'
server.cpp:(.text._ZNK3ros9Publisher7publishIN19dynamic_reconfigure7Config_ISaIvEEEEEvRKT_[_ZNK3ros9Publisher7publishIN19dynamic_reconfigure7Config_ISaIvEEEEEvRKT_]+0xa41): referência indefinida para `ros::console::initialize()'
server.cpp:(.text._ZNK3ros9Publisher7publishIN19dynamic_reconfigure7Config_ISaIvEEEEEvRKT_[_ZNK3ros9Publisher7publishIN19dynamic_reconfigure7Config_ISaIvEEEEEvRKT_]+0xa90): referência indefinida para `ros::console::initializeLogLocation(ros::console::LogLocation*, std::__cxx11::basic_string<char, std::char_traits<char>, std::allocator<char> > const&, ros::console::levels::Level)'
server.cpp:(.text._ZNK3ros9Publisher7publishIN19dynamic_reconfigure7Config_ISaIvEEEEEvRKT_[_ZNK3ros9Publisher7publishIN19dynamic_reconfigure7Config_ISaIvEEEEEvRKT_]+0xace): referência indefinida para `ros::console::setLogLocationLevel(ros::console::LogLocation*, ros::console::levels::Level)'
server.cpp:(.text._ZNK3ros9Publisher7publishIN19dynamic_reconfigure7Config_ISaIvEEEEEvRKT_[_ZNK3ros9Publisher7publishIN19dynamic_reconfigure7Config_ISaIvEEEEEvRKT_]+0xad8): referência indefinida para `ros::console::checkLogLocationEnabled(ros::console::LogLocation*)'
server.cpp:(.text._ZNK3ros9Publisher7publishIN19dynamic_reconfigure7Config_ISaIvEEEEEvRKT_[_ZNK3ros9Publisher7publishIN19dynamic_reconfigure7Config_ISaIvEEEEEvRKT_]+0xb2a): referência indefinida para `ros::console::print(ros::console::FilterBase*, void*, ros::console::levels::Level, char const*, int, char const*, char const*, ...)'
server.cpp:(.text._ZNK3ros9Publisher7publishIN19dynamic_reconfigure7Config_ISaIvEEEEEvRKT_[_ZNK3ros9Publisher7publishIN19dynamic_reconfigure7Config_ISaIvEEEEEvRKT_]+0xbfc): referência indefinida para `ros::Publisher::publish(boost::function<ros::SerializedMessage ()> const&, ros::SerializedMessage&) const'
CMakeFiles/server.dir/nodes/server.cpp.o: na função `void ros::AdvertiseServiceOptions::init<dynamic_reconfigure::ReconfigureRequest_<std::allocator<void> >, dynamic_reconfigure::ReconfigureResponse_<std::allocator<void> > >(std::__cxx11::basic_string<char, std::char_traits<char>, std::allocator<char> > const&, boost::function<bool (dynamic_reconfigure::ReconfigureRequest_<std::allocator<void> >&, dynamic_reconfigure::ReconfigureResponse_<std::allocator<void> >&)> const&)':
server.cpp:(.text._ZN3ros23AdvertiseServiceOptions4initIN19dynamic_reconfigure19ReconfigureRequest_ISaIvEEENS2_20ReconfigureResponse_IS4_EEEEvRKNSt7__cxx1112basic_stringIcSt11char_traitsIcESaIcEEERKN5boost8functionIFbRT_RT0_EEE[_ZN3ros23AdvertiseServiceOptions4initIN19dynamic_reconfigure19ReconfigureRequest_ISaIvEEENS2_20ReconfigureResponse_IS4_EEEEvRKNSt7__cxx1112basic_stringIcSt11char_traitsIcESaIcEEERKN5boost8functionIFbRT_RT0_EEE]+0x42): referência indefinida para `ros::console::g_initialized'
server.cpp:(.text._ZN3ros23AdvertiseServiceOptions4initIN19dynamic_reconfigure19ReconfigureRequest_ISaIvEEENS2_20ReconfigureResponse_IS4_EEEEvRKNSt7__cxx1112basic_stringIcSt11char_traitsIcESaIcEEERKN5boost8functionIFbRT_RT0_EEE[_ZN3ros23AdvertiseServiceOptions4initIN19dynamic_reconfigure19ReconfigureRequest_ISaIvEEENS2_20ReconfigureResponse_IS4_EEEEvRKNSt7__cxx1112basic_stringIcSt11char_traitsIcESaIcEEERKN5boost8functionIFbRT_RT0_EEE]+0x52): referência indefinida para `ros::console::initialize()'
server.cpp:(.text._ZN3ros23AdvertiseServiceOptions4initIN19dynamic_reconfigure19ReconfigureRequest_ISaIvEEENS2_20ReconfigureResponse_IS4_EEEEvRKNSt7__cxx1112basic_stringIcSt11char_traitsIcESaIcEEERKN5boost8functionIFbRT_RT0_EEE[_ZN3ros23AdvertiseServiceOptions4initIN19dynamic_reconfigure19ReconfigureRequest_ISaIvEEENS2_20ReconfigureResponse_IS4_EEEEvRKNSt7__cxx1112basic_stringIcSt11char_traitsIcESaIcEEERKN5boost8functionIFbRT_RT0_EEE]+0x9b): referência indefinida para `ros::console::initializeLogLocation(ros::console::LogLocation*, std::__cxx11::basic_string<char, std::char_traits<char>, std::allocator<char> > const&, ros::console::levels::Level)'
server.cpp:(.text._ZN3ros23AdvertiseServiceOptions4initIN19dynamic_reconfigure19ReconfigureRequest_ISaIvEEENS2_20ReconfigureResponse_IS4_EEEEvRKNSt7__cxx1112basic_stringIcSt11char_traitsIcESaIcEEERKN5boost8functionIFbRT_RT0_EEE[_ZN3ros23AdvertiseServiceOptions4initIN19dynamic_reconfigure19ReconfigureRequest_ISaIvEEENS2_20ReconfigureResponse_IS4_EEEEvRKNSt7__cxx1112basic_stringIcSt11char_traitsIcESaIcEEERKN5boost8functionIFbRT_RT0_EEE]+0xd6): referência indefinida para `ros::console::setLogLocationLevel(ros::console::LogLocation*, ros::console::levels::Level)'
server.cpp:(.text._ZN3ros23AdvertiseServiceOptions4initIN19dynamic_reconfigure19ReconfigureRequest_ISaIvEEENS2_20ReconfigureResponse_IS4_EEEEvRKNSt7__cxx1112basic_stringIcSt11char_traitsIcESaIcEEERKN5boost8functionIFbRT_RT0_EEE[_ZN3ros23AdvertiseServiceOptions4initIN19dynamic_reconfigure19ReconfigureRequest_ISaIvEEENS2_20ReconfigureResponse_IS4_EEEEvRKNSt7__cxx1112basic_stringIcSt11char_traitsIcESaIcEEERKN5boost8functionIFbRT_RT0_EEE]+0xe0): referência indefinida para `ros::console::checkLogLocationEnabled(ros::console::LogLocation*)'
server.cpp:(.text._ZN3ros23AdvertiseServiceOptions4initIN19dynamic_reconfigure19ReconfigureRequest_ISaIvEEENS2_20ReconfigureResponse_IS4_EEEEvRKNSt7__cxx1112basic_stringIcSt11char_traitsIcESaIcEEERKN5boost8functionIFbRT_RT0_EEE[_ZN3ros23AdvertiseServiceOptions4initIN19dynamic_reconfigure19ReconfigureRequest_ISaIvEEENS2_20ReconfigureResponse_IS4_EEEEvRKNSt7__cxx1112basic_stringIcSt11char_traitsIcESaIcEEERKN5boost8functionIFbRT_RT0_EEE]+0x138): referência indefinida para `ros::console::print(ros::console::FilterBase*, void*, ros::console::levels::Level, char const*, int, char const*, char const*, ...)'
server.cpp:(.text._ZN3ros23AdvertiseServiceOptions4initIN19dynamic_reconfigure19ReconfigureRequest_ISaIvEEENS2_20ReconfigureResponse_IS4_EEEEvRKNSt7__cxx1112basic_stringIcSt11char_traitsIcESaIcEEERKN5boost8functionIFbRT_RT0_EEE[_ZN3ros23AdvertiseServiceOptions4initIN19dynamic_reconfigure19ReconfigureRequest_ISaIvEEENS2_20ReconfigureResponse_IS4_EEEEvRKNSt7__cxx1112basic_stringIcSt11char_traitsIcESaIcEEERKN5boost8functionIFbRT_RT0_EEE]+0x143): referência indefinida para `ros::console::g_initialized'
server.cpp:(.text._ZN3ros23AdvertiseServiceOptions4initIN19dynamic_reconfigure19ReconfigureRequest_ISaIvEEENS2_20ReconfigureResponse_IS4_EEEEvRKNSt7__cxx1112basic_stringIcSt11char_traitsIcESaIcEEERKN5boost8functionIFbRT_RT0_EEE[_ZN3ros23AdvertiseServiceOptions4initIN19dynamic_reconfigure19ReconfigureRequest_ISaIvEEENS2_20ReconfigureResponse_IS4_EEEEvRKNSt7__cxx1112basic_stringIcSt11char_traitsIcESaIcEEERKN5boost8functionIFbRT_RT0_EEE]+0x153): referência indefinida para `ros::console::initialize()'
server.cpp:(.text._ZN3ros23AdvertiseServiceOptions4initIN19dynamic_reconfigure19ReconfigureRequest_ISaIvEEENS2_20ReconfigureResponse_IS4_EEEEvRKNSt7__cxx1112basic_stringIcSt11char_traitsIcESaIcEEERKN5boost8functionIFbRT_RT0_EEE[_ZN3ros23AdvertiseServiceOptions4initIN19dynamic_reconfigure19ReconfigureRequest_ISaIvEEENS2_20ReconfigureResponse_IS4_EEEEvRKNSt7__cxx1112basic_stringIcSt11char_traitsIcESaIcEEERKN5boost8functionIFbRT_RT0_EEE]+0x19c): referência indefinida para `ros::console::initializeLogLocation(ros::console::LogLocation*, std::__cxx11::basic_string<char, std::char_traits<char>, std::allocator<char> > const&, ros::console::levels::Level)'
server.cpp:(.text._ZN3ros23AdvertiseServiceOptions4initIN19dynamic_reconfigure19ReconfigureRequest_ISaIvEEENS2_20ReconfigureResponse_IS4_EEEEvRKNSt7__cxx1112basic_stringIcSt11char_traitsIcESaIcEEERKN5boost8functionIFbRT_RT0_EEE[_ZN3ros23AdvertiseServiceOptions4initIN19dynamic_reconfigure19ReconfigureRequest_ISaIvEEENS2_20ReconfigureResponse_IS4_EEEEvRKNSt7__cxx1112basic_stringIcSt11char_traitsIcESaIcEEERKN5boost8functionIFbRT_RT0_EEE]+0x1d7): referência indefinida para `ros::console::setLogLocationLevel(ros::console::LogLocation*, ros::console::levels::Level)'
server.cpp:(.text._ZN3ros23AdvertiseServiceOptions4initIN19dynamic_reconfigure19ReconfigureRequest_ISaIvEEENS2_20ReconfigureResponse_IS4_EEEEvRKNSt7__cxx1112basic_stringIcSt11char_traitsIcESaIcEEERKN5boost8functionIFbRT_RT0_EEE[_ZN3ros23AdvertiseServiceOptions4initIN19dynamic_reconfigure19ReconfigureRequest_ISaIvEEENS2_20ReconfigureResponse_IS4_EEEEvRKNSt7__cxx1112basic_stringIcSt11char_traitsIcESaIcEEERKN5boost8functionIFbRT_RT0_EEE]+0x1e1): referência indefinida para `ros::console::checkLogLocationEnabled(ros::console::LogLocation*)'
server.cpp:(.text._ZN3ros23AdvertiseServiceOptions4initIN19dynamic_reconfigure19ReconfigureRequest_ISaIvEEENS2_20ReconfigureResponse_IS4_EEEEvRKNSt7__cxx1112basic_stringIcSt11char_traitsIcESaIcEEERKN5boost8functionIFbRT_RT0_EEE[_ZN3ros23AdvertiseServiceOptions4initIN19dynamic_reconfigure19ReconfigureRequest_ISaIvEEENS2_20ReconfigureResponse_IS4_EEEEvRKNSt7__cxx1112basic_stringIcSt11char_traitsIcESaIcEEERKN5boost8functionIFbRT_RT0_EEE]+0x234): referência indefinida para `ros::console::print(ros::console::FilterBase*, void*, ros::console::levels::Level, char const*, int, char const*, char const*, ...)'
CMakeFiles/server.dir/nodes/server.cpp.o: na função `void ros::serialization::Serializer<unsigned int>::write<ros::serialization::OStream>(ros::serialization::OStream&, unsigned int)':
server.cpp:(.text._ZN3ros13serialization10SerializerIjE5writeINS0_7OStreamEEEvRT_j[_ZN3ros13serialization10SerializerIjE5writeINS0_7OStreamEEEvRT_j]+0x53): referência indefinida para `ros::serialization::throwStreamOverrun()'
CMakeFiles/server.dir/nodes/server.cpp.o: na função `void ros::serialization::Serializer<std::__cxx11::basic_string<char, std::char_traits<char>, std::allocator<char> > >::write<ros::serialization::OStream>(ros::serialization::OStream&, std::__cxx11::basic_string<char, std::char_traits<char>, std::allocator<char> > const&)':
server.cpp:(.text._ZN3ros13serialization10SerializerINSt7__cxx1112basic_stringIcSt11char_traitsIcESaIcEEEE5writeINS0_7OStreamEEEvRT_RKS7_[_ZN3ros13serialization10SerializerINSt7__cxx1112basic_stringIcSt11char_traitsIcESaIcEEEE5writeINS0_7OStreamEEEvRT_RKS7_]+0xad): referência indefinida para `ros::serialization::throwStreamOverrun()'
CMakeFiles/server.dir/nodes/server.cpp.o: na função `void ros::serialization::Serializer<int>::write<ros::serialization::OStream>(ros::serialization::OStream&, int)':
server.cpp:(.text._ZN3ros13serialization10SerializerIiE5writeINS0_7OStreamEEEvRT_i[_ZN3ros13serialization10SerializerIiE5writeINS0_7OStreamEEEvRT_i]+0x53): referência indefinida para `ros::serialization::throwStreamOverrun()'
CMakeFiles/server.dir/nodes/server.cpp.o: na função `void ros::serialization::Serializer<unsigned char>::write<ros::serialization::OStream>(ros::serialization::OStream&, unsigned char)':
server.cpp:(.text._ZN3ros13serialization10SerializerIhE5writeINS0_7OStreamEEEvRT_h[_ZN3ros13serialization10SerializerIhE5writeINS0_7OStreamEEEvRT_h]+0x55): referência indefinida para `ros::serialization::throwStreamOverrun()'
CMakeFiles/server.dir/nodes/server.cpp.o: na função `void ros::serialization::Serializer<double>::write<ros::serialization::OStream>(ros::serialization::OStream&, double)':
server.cpp:(.text._ZN3ros13serialization10SerializerIdE5writeINS0_7OStreamEEEvRT_d[_ZN3ros13serialization10SerializerIdE5writeINS0_7OStreamEEEvRT_d]+0x55): referência indefinida para `ros::serialization::throwStreamOverrun()'
CMakeFiles/server.dir/nodes/server.cpp.o: na função `dynamic_tutorials::TutorialsConfig::ParamDescription<double>::fromServer(ros::NodeHandle const&, dynamic_tutorials::TutorialsConfig&) const':
server.cpp:(.text._ZNK17dynamic_tutorials15TutorialsConfig16ParamDescriptionIdE10fromServerERKN3ros10NodeHandleERS0_[_ZNK17dynamic_tutorials15TutorialsConfig16ParamDescriptionIdE10fromServerERKN3ros10NodeHandleERS0_]+0x3c): referência indefinida para `ros::NodeHandle::getParam(std::__cxx11::basic_string<char, std::char_traits<char>, std::allocator<char> > const&, double&) const'
CMakeFiles/server.dir/nodes/server.cpp.o: na função `dynamic_tutorials::TutorialsConfig::ParamDescription<double>::toServer(ros::NodeHandle const&, dynamic_tutorials::TutorialsConfig const&) const':
server.cpp:(.text._ZNK17dynamic_tutorials15TutorialsConfig16ParamDescriptionIdE8toServerERKN3ros10NodeHandleERKS0_[_ZNK17dynamic_tutorials15TutorialsConfig16ParamDescriptionIdE8toServerERKN3ros10NodeHandleERKS0_]+0x48): referência indefinida para `ros::NodeHandle::setParam(std::__cxx11::basic_string<char, std::char_traits<char>, std::allocator<char> > const&, double) const'
CMakeFiles/server.dir/nodes/server.cpp.o: na função `void ros::serialization::Serializer<unsigned int>::read<ros::serialization::IStream>(ros::serialization::IStream&, unsigned int&)':
server.cpp:(.text._ZN3ros13serialization10SerializerIjE4readINS0_7IStreamEEEvRT_Rj[_ZN3ros13serialization10SerializerIjE4readINS0_7IStreamEEEvRT_Rj]+0x54): referência indefinida para `ros::serialization::throwStreamOverrun()'
CMakeFiles/server.dir/nodes/server.cpp.o: na função `void ros::serialization::Serializer<std::__cxx11::basic_string<char, std::char_traits<char>, std::allocator<char> > >::read<ros::serialization::IStream>(ros::serialization::IStream&, std::__cxx11::basic_string<char, std::char_traits<char>, std::allocator<char> >&)':
server.cpp:(.text._ZN3ros13serialization10SerializerINSt7__cxx1112basic_stringIcSt11char_traitsIcESaIcEEEE4readINS0_7IStreamEEEvRT_RS7_[_ZN3ros13serialization10SerializerINSt7__cxx1112basic_stringIcSt11char_traitsIcESaIcEEEE4readINS0_7IStreamEEEvRT_RS7_]+0x99): referência indefinida para `ros::serialization::throwStreamOverrun()'
CMakeFiles/server.dir/nodes/server.cpp.o: na função `void ros::serialization::Serializer<unsigned char>::read<ros::serialization::IStream>(ros::serialization::IStream&, unsigned char&)':
server.cpp:(.text._ZN3ros13serialization10SerializerIhE4readINS0_7IStreamEEEvRT_Rh[_ZN3ros13serialization10SerializerIhE4readINS0_7IStreamEEEvRT_Rh]+0x54): referência indefinida para `ros::serialization::throwStreamOverrun()'
CMakeFiles/server.dir/nodes/server.cpp.o: na função `void ros::serialization::Serializer<int>::read<ros::serialization::IStream>(ros::serialization::IStream&, int&)':
server.cpp:(.text._ZN3ros13serialization10SerializerIiE4readINS0_7IStreamEEEvRT_Ri[_ZN3ros13serialization10SerializerIiE4readINS0_7IStreamEEEvRT_Ri]+0x54): referência indefinida para `ros::serialization::throwStreamOverrun()'
CMakeFiles/server.dir/nodes/server.cpp.o: na função `void ros::serialization::Serializer<double>::read<ros::serialization::IStream>(ros::serialization::IStream&, double&)':
server.cpp:(.text._ZN3ros13serialization10SerializerIdE4readINS0_7IStreamEEEvRT_Rd[_ZN3ros13serialization10SerializerIdE4readINS0_7IStreamEEEvRT_Rd]+0x54): referência indefinida para `ros::serialization::throwStreamOverrun()'
collect2: error: ld returned 1 exit status
make[2]: *** [/home/raphael/catkin_ws/devel/.private/dynamic_tutorials/lib/dynamic_tutorials/server] Error 1
make[1]: *** [CMakeFiles/server.dir/all] Error 2
CMakeFiles/server.dir/build.make:94: recipe for target '/home/raphael/catkin_ws/devel/.private/dynamic_tutorials/lib/dynamic_tutorials/server' failed
CMakeFiles/Makefile2:67: recipe for target 'CMakeFiles/server.dir/all' failed
Makefile:138: recipe for target 'all' failed
make: *** [all] Error 2
