[35m[1mScanning dependencies of target dynamic_tutorials_gencfg[0m
[ 33%] [34m[1mGenerating dynamic reconfigure files from cfg/Tutorials.cfg: /home/raphael/catkin_ws/devel/.private/dynamic_tutorials/include/dynamic_tutorials/TutorialsConfig.h /home/raphael/catkin_ws/devel/.private/dynamic_tutorials/lib/python2.7/dist-packages/dynamic_tutorials/cfg/TutorialsConfig.py[0m
Generating reconfiguration files for Tutorials in dynamic_tutorials
Wrote header file in /home/raphael/catkin_ws/devel/.private/dynamic_tutorials/include/dynamic_tutorials/TutorialsConfig.h
[ 33%] Built target dynamic_tutorials_gencfg
[35m[1mScanning dependencies of target server[0m
[ 66%] [32mBuilding CXX object CMakeFiles/server.dir/nodes/server.cpp.o[0m
In file included from [01m[K/opt/ros/kinetic/include/ros/ros.h:40:0[m[K,
                 from [01m[K/home/raphael/catkin_ws/src/dynamic_tutorials/nodes/server.cpp:1[m[K:
[01m[K/home/raphael/catkin_ws/src/dynamic_tutorials/nodes/server.cpp:[m[K In function ‘[01m[Kvoid callback(dynamic_tutorials::TutorialsConfig&, uint32_t)[m[K’:
[01m[K/home/raphael/catkin_ws/src/dynamic_tutorials/nodes/server.cpp:8:20:[m[K [01;31m[Kerror: [m[K‘[01m[Kclass dynamic_tutorials::TutorialsConfig[m[K’ has no member named ‘[01m[Kint_param[m[K’
             config.int_param, config.double_param, 
[01;32m[K                    ^[m[K
[01m[K/opt/ros/kinetic/include/ros/console.h:346:165:[m[K [01;36m[Knote: [m[Kin definition of macro ‘[01m[KROSCONSOLE_PRINT_AT_LOCATION_WITH_FILTER[m[K’
     ::ros::console::print(filter, __rosconsole_define_location__loc.logger_, __rosconsole_define_location__loc.level_, __FILE__, __LINE__, __ROSCONSOLE_FUNCTION__, __VA_ARGS__)
[01;32m[K                                                                                                                                                                     ^[m[K
[01m[K/opt/ros/kinetic/include/ros/console.h:379:7:[m[K [01;36m[Knote: [m[Kin expansion of macro ‘[01m[KROSCONSOLE_PRINT_AT_LOCATION[m[K’
       ROSCONSOLE_PRINT_AT_LOCATION(__VA_ARGS__); \
[01;32m[K       ^[m[K
[01m[K/opt/ros/kinetic/include/ros/console.h:561:35:[m[K [01;36m[Knote: [m[Kin expansion of macro ‘[01m[KROS_LOG_COND[m[K’
 #define ROS_LOG(level, name, ...) ROS_LOG_COND(true, level, name, __VA_ARGS__)
[01;32m[K                                   ^[m[K
[01m[K/opt/ros/kinetic/include/rosconsole/macros_generated.h:110:23:[m[K [01;36m[Knote: [m[Kin expansion of macro ‘[01m[KROS_LOG[m[K’
 #define ROS_INFO(...) ROS_LOG(::ros::console::levels::Info, ROSCONSOLE_DEFAULT_NAME, __VA_ARGS__)
[01;32m[K                       ^[m[K
[01m[K/home/raphael/catkin_ws/src/dynamic_tutorials/nodes/server.cpp:7:3:[m[K [01;36m[Knote: [m[Kin expansion of macro ‘[01m[KROS_INFO[m[K’
   ROS_INFO("Reconfigure Request: %d %f %s %s %d", 
[01;32m[K   ^[m[K
[01m[K/home/raphael/catkin_ws/src/dynamic_tutorials/nodes/server.cpp:8:38:[m[K [01;31m[Kerror: [m[K‘[01m[Kclass dynamic_tutorials::TutorialsConfig[m[K’ has no member named ‘[01m[Kdouble_param[m[K’
             config.int_param, config.double_param, 
[01;32m[K                                      ^[m[K
[01m[K/opt/ros/kinetic/include/ros/console.h:346:165:[m[K [01;36m[Knote: [m[Kin definition of macro ‘[01m[KROSCONSOLE_PRINT_AT_LOCATION_WITH_FILTER[m[K’
     ::ros::console::print(filter, __rosconsole_define_location__loc.logger_, __rosconsole_define_location__loc.level_, __FILE__, __LINE__, __ROSCONSOLE_FUNCTION__, __VA_ARGS__)
[01;32m[K                                                                                                                                                                     ^[m[K
[01m[K/opt/ros/kinetic/include/ros/console.h:379:7:[m[K [01;36m[Knote: [m[Kin expansion of macro ‘[01m[KROSCONSOLE_PRINT_AT_LOCATION[m[K’
       ROSCONSOLE_PRINT_AT_LOCATION(__VA_ARGS__); \
[01;32m[K       ^[m[K
[01m[K/opt/ros/kinetic/include/ros/console.h:561:35:[m[K [01;36m[Knote: [m[Kin expansion of macro ‘[01m[KROS_LOG_COND[m[K’
 #define ROS_LOG(level, name, ...) ROS_LOG_COND(true, level, name, __VA_ARGS__)
[01;32m[K                                   ^[m[K
[01m[K/opt/ros/kinetic/include/rosconsole/macros_generated.h:110:23:[m[K [01;36m[Knote: [m[Kin expansion of macro ‘[01m[KROS_LOG[m[K’
 #define ROS_INFO(...) ROS_LOG(::ros::console::levels::Info, ROSCONSOLE_DEFAULT_NAME, __VA_ARGS__)
[01;32m[K                       ^[m[K
[01m[K/home/raphael/catkin_ws/src/dynamic_tutorials/nodes/server.cpp:7:3:[m[K [01;36m[Knote: [m[Kin expansion of macro ‘[01m[KROS_INFO[m[K’
   ROS_INFO("Reconfigure Request: %d %f %s %s %d", 
[01;32m[K   ^[m[K
[01m[K/home/raphael/catkin_ws/src/dynamic_tutorials/nodes/server.cpp:9:20:[m[K [01;31m[Kerror: [m[K‘[01m[Kclass dynamic_tutorials::TutorialsConfig[m[K’ has no member named ‘[01m[Kstr_param[m[K’
             config.str_param.c_str(), 
[01;32m[K                    ^[m[K
[01m[K/opt/ros/kinetic/include/ros/console.h:346:165:[m[K [01;36m[Knote: [m[Kin definition of macro ‘[01m[KROSCONSOLE_PRINT_AT_LOCATION_WITH_FILTER[m[K’
     ::ros::console::print(filter, __rosconsole_define_location__loc.logger_, __rosconsole_define_location__loc.level_, __FILE__, __LINE__, __ROSCONSOLE_FUNCTION__, __VA_ARGS__)
[01;32m[K                                                                                                                                                                     ^[m[K
[01m[K/opt/ros/kinetic/include/ros/console.h:379:7:[m[K [01;36m[Knote: [m[Kin expansion of macro ‘[01m[KROSCONSOLE_PRINT_AT_LOCATION[m[K’
       ROSCONSOLE_PRINT_AT_LOCATION(__VA_ARGS__); \
[01;32m[K       ^[m[K
[01m[K/opt/ros/kinetic/include/ros/console.h:561:35:[m[K [01;36m[Knote: [m[Kin expansion of macro ‘[01m[KROS_LOG_COND[m[K’
 #define ROS_LOG(level, name, ...) ROS_LOG_COND(true, level, name, __VA_ARGS__)
[01;32m[K                                   ^[m[K
[01m[K/opt/ros/kinetic/include/rosconsole/macros_generated.h:110:23:[m[K [01;36m[Knote: [m[Kin expansion of macro ‘[01m[KROS_LOG[m[K’
 #define ROS_INFO(...) ROS_LOG(::ros::console::levels::Info, ROSCONSOLE_DEFAULT_NAME, __VA_ARGS__)
[01;32m[K                       ^[m[K
[01m[K/home/raphael/catkin_ws/src/dynamic_tutorials/nodes/server.cpp:7:3:[m[K [01;36m[Knote: [m[Kin expansion of macro ‘[01m[KROS_INFO[m[K’
   ROS_INFO("Reconfigure Request: %d %f %s %s %d", 
[01;32m[K   ^[m[K
[01m[K/home/raphael/catkin_ws/src/dynamic_tutorials/nodes/server.cpp:10:20:[m[K [01;31m[Kerror: [m[K‘[01m[Kclass dynamic_tutorials::TutorialsConfig[m[K’ has no member named ‘[01m[Kbool_param[m[K’
             config.bool_param?"True":"False", 
[01;32m[K                    ^[m[K
[01m[K/opt/ros/kinetic/include/ros/console.h:346:165:[m[K [01;36m[Knote: [m[Kin definition of macro ‘[01m[KROSCONSOLE_PRINT_AT_LOCATION_WITH_FILTER[m[K’
     ::ros::console::print(filter, __rosconsole_define_location__loc.logger_, __rosconsole_define_location__loc.level_, __FILE__, __LINE__, __ROSCONSOLE_FUNCTION__, __VA_ARGS__)
[01;32m[K                                                                                                                                                                     ^[m[K
[01m[K/opt/ros/kinetic/include/ros/console.h:379:7:[m[K [01;36m[Knote: [m[Kin expansion of macro ‘[01m[KROSCONSOLE_PRINT_AT_LOCATION[m[K’
       ROSCONSOLE_PRINT_AT_LOCATION(__VA_ARGS__); \
[01;32m[K       ^[m[K
[01m[K/opt/ros/kinetic/include/ros/console.h:561:35:[m[K [01;36m[Knote: [m[Kin expansion of macro ‘[01m[KROS_LOG_COND[m[K’
 #define ROS_LOG(level, name, ...) ROS_LOG_COND(true, level, name, __VA_ARGS__)
[01;32m[K                                   ^[m[K
[01m[K/opt/ros/kinetic/include/rosconsole/macros_generated.h:110:23:[m[K [01;36m[Knote: [m[Kin expansion of macro ‘[01m[KROS_LOG[m[K’
 #define ROS_INFO(...) ROS_LOG(::ros::console::levels::Info, ROSCONSOLE_DEFAULT_NAME, __VA_ARGS__)
[01;32m[K                       ^[m[K
[01m[K/home/raphael/catkin_ws/src/dynamic_tutorials/nodes/server.cpp:7:3:[m[K [01;36m[Knote: [m[Kin expansion of macro ‘[01m[KROS_INFO[m[K’
   ROS_INFO("Reconfigure Request: %d %f %s %s %d", 
[01;32m[K   ^[m[K
[01m[K/home/raphael/catkin_ws/src/dynamic_tutorials/nodes/server.cpp:11:20:[m[K [01;31m[Kerror: [m[K‘[01m[Kclass dynamic_tutorials::TutorialsConfig[m[K’ has no member named ‘[01m[Ksize[m[K’
             config.size);
[01;32m[K                    ^[m[K
[01m[K/opt/ros/kinetic/include/ros/console.h:346:165:[m[K [01;36m[Knote: [m[Kin definition of macro ‘[01m[KROSCONSOLE_PRINT_AT_LOCATION_WITH_FILTER[m[K’
     ::ros::console::print(filter, __rosconsole_define_location__loc.logger_, __rosconsole_define_location__loc.level_, __FILE__, __LINE__, __ROSCONSOLE_FUNCTION__, __VA_ARGS__)
[01;32m[K                                                                                                                                                                     ^[m[K
[01m[K/opt/ros/kinetic/include/ros/console.h:379:7:[m[K [01;36m[Knote: [m[Kin expansion of macro ‘[01m[KROSCONSOLE_PRINT_AT_LOCATION[m[K’
       ROSCONSOLE_PRINT_AT_LOCATION(__VA_ARGS__); \
[01;32m[K       ^[m[K
[01m[K/opt/ros/kinetic/include/ros/console.h:561:35:[m[K [01;36m[Knote: [m[Kin expansion of macro ‘[01m[KROS_LOG_COND[m[K’
 #define ROS_LOG(level, name, ...) ROS_LOG_COND(true, level, name, __VA_ARGS__)
[01;32m[K                                   ^[m[K
[01m[K/opt/ros/kinetic/include/rosconsole/macros_generated.h:110:23:[m[K [01;36m[Knote: [m[Kin expansion of macro ‘[01m[KROS_LOG[m[K’
 #define ROS_INFO(...) ROS_LOG(::ros::console::levels::Info, ROSCONSOLE_DEFAULT_NAME, __VA_ARGS__)
[01;32m[K                       ^[m[K
[01m[K/home/raphael/catkin_ws/src/dynamic_tutorials/nodes/server.cpp:7:3:[m[K [01;36m[Knote: [m[Kin expansion of macro ‘[01m[KROS_INFO[m[K’
   ROS_INFO("Reconfigure Request: %d %f %s %s %d", 
[01;32m[K   ^[m[K
CMakeFiles/server.dir/build.make:62: recipe for target 'CMakeFiles/server.dir/nodes/server.cpp.o' failed
make[2]: *** [CMakeFiles/server.dir/nodes/server.cpp.o] Error 1
CMakeFiles/Makefile2:67: recipe for target 'CMakeFiles/server.dir/all' failed
make[1]: *** [CMakeFiles/server.dir/all] Error 2
Makefile:138: recipe for target 'all' failed
make: *** [all] Error 2
